# JRE version: OpenJDK Runtime Environment (7.0_91-b02) (build 1.7.0_91-b02)
# Java VM: OpenJDK 64-Bit Server VM (24.91-b01 mixed mode linux-amd64 compressed oops)
Heap
 PSYoungGen      total 126976K, used 16676K [0x00000000eaa80000, 0x00000000f6a80000, 0x0000000100000000)
  eden space 76288K, 0% used [0x00000000eaa80000,0x00000000eaa80000,0x00000000ef500000)
  from space 50688K, 32% used [0x00000000ef500000,0x00000000f0549368,0x00000000f2680000)
  to   space 51712K, 0% used [0x00000000f3800000,0x00000000f3800000,0x00000000f6a80000)
 ParOldGen       total 136192K, used 135924K [0x00000000c0000000, 0x00000000c8500000, 0x00000000eaa80000)
  object space 136192K, 99% used [0x00000000c0000000,0x00000000c84bd120,0x00000000c8500000)
 PSPermGen       total 21504K, used 6273K [0x00000000b5a00000, 0x00000000b6f00000, 0x00000000c0000000)
  object space 21504K, 29% used [0x00000000b5a00000,0x00000000b60207c8,0x00000000b6f00000)
GC Heap History (10 events):
Event: 53.655 GC heap after
Heap after GC invocations=12 (full 2):
 PSYoungGen      total 87040K, used 14251K [0x00000000eaa80000, 0x00000000f2980000, 0x0000000100000000)
  eden space 71680K, 0% used [0x00000000eaa80000,0x00000000eaa80000,0x00000000ef080000)
  from space 15360K, 92% used [0x00000000f1a80000,0x00000000f286af00,0x00000000f2980000)
  to   space 25600K, 0% used [0x00000000ef780000,0x00000000ef780000,0x00000000f1080000)
 ParOldGen       total 78848K, used 40729K [0x00000000c0000000, 0x00000000c4d00000, 0x00000000eaa80000)
  object space 78848K, 51% used [0x00000000c0000000,0x00000000c27c6758,0x00000000c4d00000)
 PSPermGen       total 21504K, used 6260K [0x00000000b5a00000, 0x00000000b6f00000, 0x00000000c0000000)
  object space 21504K, 29% used [0x00000000b5a00000,0x00000000b601d0e0,0x00000000b6f00000)
}
Event: 55.037 GC heap before
{Heap before GC invocations=13 (full 2):
 PSYoungGen      total 87040K, used 85931K [0x00000000eaa80000, 0x00000000f2980000, 0x0000000100000000)
  eden space 71680K, 100% used [0x00000000eaa80000,0x00000000ef080000,0x00000000ef080000)
  from space 15360K, 92% used [0x00000000f1a80000,0x00000000f286af00,0x00000000f2980000)
  to   space 25600K, 0% used [0x00000000ef780000,0x00000000ef780000,0x00000000f1080000)
 ParOldGen       total 78848K, used 40729K [0x00000000c0000000, 0x00000000c4d00000, 0x00000000eaa80000)
  object space 78848K, 51% used [0x00000000c0000000,0x00000000c27c6758,0x00000000c4d00000)
 PSPermGen       total 21504K, used 6270K [0x00000000b5a00000, 0x00000000b6f00000, 0x00000000c0000000)
  object space 21504K, 29% used [0x00000000b5a00000,0x00000000b601fa38,0x00000000b6f00000)
Event: 55.794 GC heap after
Heap after GC invocations=13 (full 2):
 PSYoungGen      total 104448K, used 25578K [0x00000000eaa80000, 0x00000000f4c80000, 0x0000000100000000)
  eden space 78848K, 0% used [0x00000000eaa80000,0x00000000eaa80000,0x00000000ef780000)
  from space 25600K, 99% used [0x00000000ef780000,0x00000000f107aac8,0x00000000f1080000)
  to   space 38912K, 0% used [0x00000000f2680000,0x00000000f2680000,0x00000000f4c80000)
 ParOldGen       total 78848K, used 64115K [0x00000000c0000000, 0x00000000c4d00000, 0x00000000eaa80000)
  object space 78848K, 81% used [0x00000000c0000000,0x00000000c3e9cc78,0x00000000c4d00000)
 PSPermGen       total 21504K, used 6270K [0x00000000b5a00000, 0x00000000b6f00000, 0x00000000c0000000)
  object space 21504K, 29% used [0x00000000b5a00000,0x00000000b601fa38,0x00000000b6f00000)
}
Event: 55.794 GC heap before
{Heap before GC invocations=14 (full 3):
 PSYoungGen      total 104448K, used 25578K [0x00000000eaa80000, 0x00000000f4c80000, 0x0000000100000000)
  eden space 78848K, 0% used [0x00000000eaa80000,0x00000000eaa80000,0x00000000ef780000)
  from space 25600K, 99% used [0x00000000ef780000,0x00000000f107aac8,0x00000000f1080000)
  to   space 38912K, 0% used [0x00000000f2680000,0x00000000f2680000,0x00000000f4c80000)
 ParOldGen       total 78848K, used 64115K [0x00000000c0000000, 0x00000000c4d00000, 0x00000000eaa80000)
  object space 78848K, 81% used [0x00000000c0000000,0x00000000c3e9cc78,0x00000000c4d00000)
 PSPermGen       total 21504K, used 6270K [0x00000000b5a00000, 0x00000000b6f00000, 0x00000000c0000000)
  object space 21504K, 29% used [0x00000000b5a00000,0x00000000b601fa38,0x00000000b6f00000)
Event: 58.676 GC heap after
Heap after GC invocations=14 (full 3):
 PSYoungGen      total 104448K, used 7558K [0x00000000eaa80000, 0x00000000f4c80000, 0x0000000100000000)
  eden space 78848K, 0% used [0x00000000eaa80000,0x00000000eaa80000,0x00000000ef780000)
  from space 25600K, 29% used [0x00000000ef780000,0x00000000efee18d0,0x00000000f1080000)
  to   space 38912K, 0% used [0x00000000f2680000,0x00000000f2680000,0x00000000f4c80000)
 ParOldGen       total 136192K, used 78610K [0x00000000c0000000, 0x00000000c8500000, 0x00000000eaa80000)
  object space 136192K, 57% used [0x00000000c0000000,0x00000000c4cc4bd8,0x00000000c8500000)
 PSPermGen       total 21504K, used 6270K [0x00000000b5a00000, 0x00000000b6f00000, 0x00000000c0000000)
  object space 21504K, 29% used [0x00000000b5a00000,0x00000000b601fa38,0x00000000b6f00000)
}
Event: 59.404 GC heap before
{Heap before GC invocations=15 (full 3):
 PSYoungGen      total 104448K, used 86406K [0x00000000eaa80000, 0x00000000f4c80000, 0x0000000100000000)
  eden space 78848K, 100% used [0x00000000eaa80000,0x00000000ef780000,0x00000000ef780000)
  from space 25600K, 29% used [0x00000000ef780000,0x00000000efee18d0,0x00000000f1080000)
  to   space 38912K, 0% used [0x00000000f2680000,0x00000000f2680000,0x00000000f4c80000)
 ParOldGen       total 136192K, used 78610K [0x00000000c0000000, 0x00000000c8500000, 0x00000000eaa80000)
  object space 136192K, 57% used [0x00000000c0000000,0x00000000c4cc4bd8,0x00000000c8500000)
 PSPermGen       total 21504K, used 6270K [0x00000000b5a00000, 0x00000000b6f00000, 0x00000000c0000000)
  object space 21504K, 29% used [0x00000000b5a00000,0x00000000b601fb58,0x00000000b6f00000)
Event: 60.241 GC heap after
Heap after GC invocations=15 (full 3):
 PSYoungGen      total 115200K, used 38891K [0x00000000eaa80000, 0x00000000f6700000, 0x0000000100000000)
  eden space 76288K, 0% used [0x00000000eaa80000,0x00000000eaa80000,0x00000000ef500000)
  from space 38912K, 99% used [0x00000000f2680000,0x00000000f4c7acd8,0x00000000f4c80000)
  to   space 50688K, 0% used [0x00000000ef500000,0x00000000ef500000,0x00000000f2680000)
 ParOldGen       total 136192K, used 91451K [0x00000000c0000000, 0x00000000c8500000, 0x00000000eaa80000)
  object space 136192K, 67% used [0x00000000c0000000,0x00000000c594ec30,0x00000000c8500000)
 PSPermGen       total 21504K, used 6270K [0x00000000b5a00000, 0x00000000b6f00000, 0x00000000c0000000)
  object space 21504K, 29% used [0x00000000b5a00000,0x00000000b601fb58,0x00000000b6f00000)
}
Event: 62.204 GC heap before
{Heap before GC invocations=16 (full 3):
 PSYoungGen      total 115200K, used 115179K [0x00000000eaa80000, 0x00000000f6700000, 0x0000000100000000)
  eden space 76288K, 100% used [0x00000000eaa80000,0x00000000ef500000,0x00000000ef500000)
  from space 38912K, 99% used [0x00000000f2680000,0x00000000f4c7acd8,0x00000000f4c80000)
  to   space 50688K, 0% used [0x00000000ef500000,0x00000000ef500000,0x00000000f2680000)
 ParOldGen       total 136192K, used 91451K [0x00000000c0000000, 0x00000000c8500000, 0x00000000eaa80000)
  object space 136192K, 67% used [0x00000000c0000000,0x00000000c594ec30,0x00000000c8500000)
 PSPermGen       total 21504K, used 6273K [0x00000000b5a00000, 0x00000000b6f00000, 0x00000000c0000000)
  object space 21504K, 29% used [0x00000000b5a00000,0x00000000b60207c8,0x00000000b6f00000)
Event: 63.001 GC heap after
Heap after GC invocations=16 (full 3):
 PSYoungGen      total 126976K, used 28364K [0x00000000eaa80000, 0x00000000f6a80000, 0x0000000100000000)
  eden space 76288K, 0% used [0x00000000eaa80000,0x00000000eaa80000,0x00000000ef500000)
  from space 50688K, 55% used [0x00000000ef500000,0x00000000f10b32d8,0x00000000f2680000)
  to   space 51712K, 0% used [0x00000000f3800000,0x00000000f3800000,0x00000000f6a80000)
 ParOldGen       total 136192K, used 130799K [0x00000000c0000000, 0x00000000c8500000, 0x00000000eaa80000)
  object space 136192K, 96% used [0x00000000c0000000,0x00000000c7fbbdd8,0x00000000c8500000)
 PSPermGen       total 21504K, used 6273K [0x00000000b5a00000, 0x00000000b6f00000, 0x00000000c0000000)
  object space 21504K, 29% used [0x00000000b5a00000,0x00000000b60207c8,0x00000000b6f00000)
}
Event: 63.001 GC heap before
{Heap before GC invocations=17 (full 4):
 PSYoungGen      total 126976K, used 28364K [0x00000000eaa80000, 0x00000000f6a80000, 0x0000000100000000)
  eden space 76288K, 0% used [0x00000000eaa80000,0x00000000eaa80000,0x00000000ef500000)
  from space 50688K, 55% used [0x00000000ef500000,0x00000000f10b32d8,0x00000000f2680000)
  to   space 51712K, 0% used [0x00000000f3800000,0x00000000f3800000,0x00000000f6a80000)
 ParOldGen       total 136192K, used 130799K [0x00000000c0000000, 0x00000000c8500000, 0x00000000eaa80000)
  object space 136192K, 96% used [0x00000000c0000000,0x00000000c7fbbdd8,0x00000000c8500000)
 PSPermGen       total 21504K, used 6273K [0x00000000b5a00000, 0x00000000b6f00000, 0x00000000c0000000)
  object space 21504K, 29% used [0x00000000b5a00000,0x00000000b60207c8,0x00000000b6f00000)

