# JRE version: OpenJDK Runtime Environment (7.0_91-b02) (build 1.7.0_91-b02)
# Java VM: OpenJDK 64-Bit Server VM (24.91-b01 mixed mode linux-amd64 compressed oops)
Heap
 PSYoungGen      total 194560K, used 12099K [0x00000000eaa80000, 0x00000000fd100000, 0x0000000100000000)
  eden space 113664K, 0% used [0x00000000eaa80000,0x00000000eaa80000,0x00000000f1980000)
  from space 80896K, 14% used [0x00000000f1980000,0x00000000f2550c50,0x00000000f6880000)
  to   space 77312K, 0% used [0x00000000f8580000,0x00000000f8580000,0x00000000fd100000)
 ParOldGen       total 185856K, used 185601K [0x00000000c0000000, 0x00000000cb580000, 0x00000000eaa80000)
  object space 185856K, 99% used [0x00000000c0000000,0x00000000cb540570,0x00000000cb580000)
 PSPermGen       total 21504K, used 6316K [0x00000000b5a00000, 0x00000000b6f00000, 0x00000000c0000000)
  object space 21504K, 29% used [0x00000000b5a00000,0x00000000b602b3a8,0x00000000b6f00000)
GC Heap History (10 events):
Event: 101.495 GC heap after
Heap after GC invocations=17 (full 3):
 PSYoungGen      total 131072K, used 28928K [0x00000000eaa80000, 0x00000000f5900000, 0x0000000100000000)
  eden space 93184K, 0% used [0x00000000eaa80000,0x00000000eaa80000,0x00000000f0580000)
  from space 37888K, 76% used [0x00000000f2d80000,0x00000000f49c0010,0x00000000f5280000)
  to   space 40960K, 0% used [0x00000000f0580000,0x00000000f0580000,0x00000000f2d80000)
 ParOldGen       total 108544K, used 56426K [0x00000000c0000000, 0x00000000c6a00000, 0x00000000eaa80000)
  object space 108544K, 51% used [0x00000000c0000000,0x00000000c371abb8,0x00000000c6a00000)
 PSPermGen       total 21504K, used 6315K [0x00000000b5a00000, 0x00000000b6f00000, 0x00000000c0000000)
  object space 21504K, 29% used [0x00000000b5a00000,0x00000000b602ac58,0x00000000b6f00000)
}
Event: 102.855 GC heap before
{Heap before GC invocations=18 (full 3):
 PSYoungGen      total 131072K, used 122112K [0x00000000eaa80000, 0x00000000f5900000, 0x0000000100000000)
  eden space 93184K, 100% used [0x00000000eaa80000,0x00000000f0580000,0x00000000f0580000)
  from space 37888K, 76% used [0x00000000f2d80000,0x00000000f49c0010,0x00000000f5280000)
  to   space 40960K, 0% used [0x00000000f0580000,0x00000000f0580000,0x00000000f2d80000)
 ParOldGen       total 108544K, used 56426K [0x00000000c0000000, 0x00000000c6a00000, 0x00000000eaa80000)
  object space 108544K, 51% used [0x00000000c0000000,0x00000000c371abb8,0x00000000c6a00000)
 PSPermGen       total 21504K, used 6316K [0x00000000b5a00000, 0x00000000b6f00000, 0x00000000c0000000)
  object space 21504K, 29% used [0x00000000b5a00000,0x00000000b602b0d8,0x00000000b6f00000)
Event: 103.809 GC heap after
Heap after GC invocations=18 (full 3):
 PSYoungGen      total 134144K, used 40935K [0x00000000eaa80000, 0x00000000fa880000, 0x0000000100000000)
  eden space 93184K, 0% used [0x00000000eaa80000,0x00000000eaa80000,0x00000000f0580000)
  from space 40960K, 99% used [0x00000000f0580000,0x00000000f2d79d20,0x00000000f2d80000)
  to   space 65536K, 0% used [0x00000000f6880000,0x00000000f6880000,0x00000000fa880000)
 ParOldGen       total 108544K, used 103319K [0x00000000c0000000, 0x00000000c6a00000, 0x00000000eaa80000)
  object space 108544K, 95% used [0x00000000c0000000,0x00000000c64e5d80,0x00000000c6a00000)
 PSPermGen       total 21504K, used 6316K [0x00000000b5a00000, 0x00000000b6f00000, 0x00000000c0000000)
  object space 21504K, 29% used [0x00000000b5a00000,0x00000000b602b0d8,0x00000000b6f00000)
}
Event: 103.809 GC heap before
{Heap before GC invocations=19 (full 4):
 PSYoungGen      total 134144K, used 40935K [0x00000000eaa80000, 0x00000000fa880000, 0x0000000100000000)
  eden space 93184K, 0% used [0x00000000eaa80000,0x00000000eaa80000,0x00000000f0580000)
  from space 40960K, 99% used [0x00000000f0580000,0x00000000f2d79d20,0x00000000f2d80000)
  to   space 65536K, 0% used [0x00000000f6880000,0x00000000f6880000,0x00000000fa880000)
 ParOldGen       total 108544K, used 103319K [0x00000000c0000000, 0x00000000c6a00000, 0x00000000eaa80000)
  object space 108544K, 95% used [0x00000000c0000000,0x00000000c64e5d80,0x00000000c6a00000)
 PSPermGen       total 21504K, used 6316K [0x00000000b5a00000, 0x00000000b6f00000, 0x00000000c0000000)
  object space 21504K, 29% used [0x00000000b5a00000,0x00000000b602b0d8,0x00000000b6f00000)
Event: 106.503 GC heap after
Heap after GC invocations=19 (full 4):
 PSYoungGen      total 134144K, used 29060K [0x00000000eaa80000, 0x00000000fa880000, 0x0000000100000000)
  eden space 93184K, 0% used [0x00000000eaa80000,0x00000000eaa80000,0x00000000f0580000)
  from space 40960K, 70% used [0x00000000f0580000,0x00000000f21e12f0,0x00000000f2d80000)
  to   space 65536K, 0% used [0x00000000f6880000,0x00000000f6880000,0x00000000fa880000)
 ParOldGen       total 181760K, used 108400K [0x00000000c0000000, 0x00000000cb180000, 0x00000000eaa80000)
  object space 181760K, 59% used [0x00000000c0000000,0x00000000c69dc260,0x00000000cb180000)
 PSPermGen       total 21504K, used 6316K [0x00000000b5a00000, 0x00000000b6f00000, 0x00000000c0000000)
  object space 21504K, 29% used [0x00000000b5a00000,0x00000000b602b038,0x00000000b6f00000)
}
Event: 106.755 GC heap before
{Heap before GC invocations=20 (full 4):
 PSYoungGen      total 134144K, used 122244K [0x00000000eaa80000, 0x00000000fa880000, 0x0000000100000000)
  eden space 93184K, 100% used [0x00000000eaa80000,0x00000000f0580000,0x00000000f0580000)
  from space 40960K, 70% used [0x00000000f0580000,0x00000000f21e12f0,0x00000000f2d80000)
  to   space 65536K, 0% used [0x00000000f6880000,0x00000000f6880000,0x00000000fa880000)
 ParOldGen       total 181760K, used 108400K [0x00000000c0000000, 0x00000000cb180000, 0x00000000eaa80000)
  object space 181760K, 59% used [0x00000000c0000000,0x00000000c69dc260,0x00000000cb180000)
 PSPermGen       total 21504K, used 6316K [0x00000000b5a00000, 0x00000000b6f00000, 0x00000000c0000000)
  object space 21504K, 29% used [0x00000000b5a00000,0x00000000b602b1e8,0x00000000b6f00000)
Event: 108.549 GC heap after
Heap after GC invocations=20 (full 4):
 PSYoungGen      total 179200K, used 65509K [0x00000000eaa80000, 0x00000000fc900000, 0x0000000100000000)
  eden space 113664K, 0% used [0x00000000eaa80000,0x00000000eaa80000,0x00000000f1980000)
  from space 65536K, 99% used [0x00000000f6880000,0x00000000fa879768,0x00000000fa880000)
  to   space 80896K, 0% used [0x00000000f1980000,0x00000000f1980000,0x00000000f6880000)
 ParOldGen       total 181760K, used 119033K [0x00000000c0000000, 0x00000000cb180000, 0x00000000eaa80000)
  object space 181760K, 65% used [0x00000000c0000000,0x00000000c743e410,0x00000000cb180000)
 PSPermGen       total 21504K, used 6316K [0x00000000b5a00000, 0x00000000b6f00000, 0x00000000c0000000)
  object space 21504K, 29% used [0x00000000b5a00000,0x00000000b602b1e8,0x00000000b6f00000)
}
Event: 109.988 GC heap before
{Heap before GC invocations=21 (full 4):
 PSYoungGen      total 179200K, used 179173K [0x00000000eaa80000, 0x00000000fc900000, 0x0000000100000000)
  eden space 113664K, 100% used [0x00000000eaa80000,0x00000000f1980000,0x00000000f1980000)
  from space 65536K, 99% used [0x00000000f6880000,0x00000000fa879768,0x00000000fa880000)
  to   space 80896K, 0% used [0x00000000f1980000,0x00000000f1980000,0x00000000f6880000)
 ParOldGen       total 181760K, used 119033K [0x00000000c0000000, 0x00000000cb180000, 0x00000000eaa80000)
  object space 181760K, 65% used [0x00000000c0000000,0x00000000c743e410,0x00000000cb180000)
 PSPermGen       total 21504K, used 6316K [0x00000000b5a00000, 0x00000000b6f00000, 0x00000000c0000000)
  object space 21504K, 29% used [0x00000000b5a00000,0x00000000b602b3a8,0x00000000b6f00000)
Event: 111.100 GC heap after
Heap after GC invocations=21 (full 4):
 PSYoungGen      total 194560K, used 18906K [0x00000000eaa80000, 0x00000000fd100000, 0x0000000100000000)
  eden space 113664K, 0% used [0x00000000eaa80000,0x00000000eaa80000,0x00000000f1980000)
  from space 80896K, 23% used [0x00000000f1980000,0x00000000f2bf6810,0x00000000f6880000)
  to   space 77312K, 0% used [0x00000000f8580000,0x00000000f8580000,0x00000000fd100000)
 ParOldGen       total 185856K, used 184897K [0x00000000c0000000, 0x00000000cb580000, 0x00000000eaa80000)
  object space 185856K, 99% used [0x00000000c0000000,0x00000000cb490420,0x00000000cb580000)
 PSPermGen       total 21504K, used 6316K [0x00000000b5a00000, 0x00000000b6f00000, 0x00000000c0000000)
  object space 21504K, 29% used [0x00000000b5a00000,0x00000000b602b3a8,0x00000000b6f00000)
}
Event: 111.115 GC heap before
{Heap before GC invocations=22 (full 5):
 PSYoungGen      total 194560K, used 18906K [0x00000000eaa80000, 0x00000000fd100000, 0x0000000100000000)
  eden space 113664K, 0% used [0x00000000eaa80000,0x00000000eaa80000,0x00000000f1980000)
  from space 80896K, 23% used [0x00000000f1980000,0x00000000f2bf6810,0x00000000f6880000)
  to   space 77312K, 0% used [0x00000000f8580000,0x00000000f8580000,0x00000000fd100000)
 ParOldGen       total 185856K, used 184897K [0x00000000c0000000, 0x00000000cb580000, 0x00000000eaa80000)
  object space 185856K, 99% used [0x00000000c0000000,0x00000000cb490420,0x00000000cb580000)
 PSPermGen       total 21504K, used 6316K [0x00000000b5a00000, 0x00000000b6f00000, 0x00000000c0000000)
  object space 21504K, 29% used [0x00000000b5a00000,0x00000000b602b3a8,0x00000000b6f00000)

