# JRE version: OpenJDK Runtime Environment (7.0_91-b02) (build 1.7.0_91-b02)
# Java VM: OpenJDK 64-Bit Server VM (24.91-b01 mixed mode linux-amd64 compressed oops)
Heap
 PSYoungGen      total 258048K, used 27427K [0x00000000eaa80000, 0x0000000100000000, 0x0000000100000000)
  eden space 166400K, 0% used [0x00000000eaa80000,0x00000000eaa80000,0x00000000f4d00000)
  from space 91648K, 29% used [0x00000000fa600000,0x00000000fc0c8e68,0x00000000fff80000)
  to   space 91136K, 0% used [0x00000000f4d00000,0x00000000f4d00000,0x00000000fa600000)
 ParOldGen       total 197120K, used 196930K [0x00000000c0000000, 0x00000000cc080000, 0x00000000eaa80000)
  object space 197120K, 99% used [0x00000000c0000000,0x00000000cc050900,0x00000000cc080000)
 PSPermGen       total 21504K, used 6311K [0x00000000b5a00000, 0x00000000b6f00000, 0x00000000c0000000)
  object space 21504K, 29% used [0x00000000b5a00000,0x00000000b6029c40,0x00000000b6f00000)
GC Heap History (10 events):
Event: 97.108 GC heap after
Heap after GC invocations=21 (full 4):
 PSYoungGen      total 188928K, used 45196K [0x00000000eaa80000, 0x00000000fc480000, 0x0000000100000000)
  eden space 117760K, 0% used [0x00000000eaa80000,0x00000000eaa80000,0x00000000f1d80000)
  from space 71168K, 63% used [0x00000000f1d80000,0x00000000f49a3178,0x00000000f6300000)
  to   space 73728K, 0% used [0x00000000f7c80000,0x00000000f7c80000,0x00000000fc480000)
 ParOldGen       total 274432K, used 254953K [0x00000000c0000000, 0x00000000d0c00000, 0x00000000eaa80000)
  object space 274432K, 92% used [0x00000000c0000000,0x00000000cf8fa4a8,0x00000000d0c00000)
 PSPermGen       total 21504K, used 6278K [0x00000000b5a00000, 0x00000000b6f00000, 0x00000000c0000000)
  object space 21504K, 29% used [0x00000000b5a00000,0x00000000b6021b28,0x00000000b6f00000)
}
Event: 97.108 GC heap before
{Heap before GC invocations=22 (full 5):
 PSYoungGen      total 188928K, used 45196K [0x00000000eaa80000, 0x00000000fc480000, 0x0000000100000000)
  eden space 117760K, 0% used [0x00000000eaa80000,0x00000000eaa80000,0x00000000f1d80000)
  from space 71168K, 63% used [0x00000000f1d80000,0x00000000f49a3178,0x00000000f6300000)
  to   space 73728K, 0% used [0x00000000f7c80000,0x00000000f7c80000,0x00000000fc480000)
 ParOldGen       total 274432K, used 254953K [0x00000000c0000000, 0x00000000d0c00000, 0x00000000eaa80000)
  object space 274432K, 92% used [0x00000000c0000000,0x00000000cf8fa4a8,0x00000000d0c00000)
 PSPermGen       total 21504K, used 6278K [0x00000000b5a00000, 0x00000000b6f00000, 0x00000000c0000000)
  object space 21504K, 29% used [0x00000000b5a00000,0x00000000b6021b28,0x00000000b6f00000)
Event: 100.225 GC heap after
Heap after GC invocations=22 (full 5):
 PSYoungGen      total 188928K, used 0K [0x00000000eaa80000, 0x00000000fc480000, 0x0000000100000000)
  eden space 117760K, 0% used [0x00000000eaa80000,0x00000000eaa80000,0x00000000f1d80000)
  from space 71168K, 0% used [0x00000000f1d80000,0x00000000f1d80000,0x00000000f6300000)
  to   space 73728K, 0% used [0x00000000f7c80000,0x00000000f7c80000,0x00000000fc480000)
 ParOldGen       total 197120K, used 94078K [0x00000000c0000000, 0x00000000cc080000, 0x00000000eaa80000)
  object space 197120K, 47% used [0x00000000c0000000,0x00000000c5bdf868,0x00000000cc080000)
 PSPermGen       total 21504K, used 6277K [0x00000000b5a00000, 0x00000000b6f00000, 0x00000000c0000000)
  object space 21504K, 29% used [0x00000000b5a00000,0x00000000b60217e8,0x00000000b6f00000)
}
Event: 111.317 GC heap before
{Heap before GC invocations=23 (full 5):
 PSYoungGen      total 188928K, used 117760K [0x00000000eaa80000, 0x00000000fc480000, 0x0000000100000000)
  eden space 117760K, 100% used [0x00000000eaa80000,0x00000000f1d80000,0x00000000f1d80000)
  from space 71168K, 0% used [0x00000000f1d80000,0x00000000f1d80000,0x00000000f6300000)
  to   space 73728K, 0% used [0x00000000f7c80000,0x00000000f7c80000,0x00000000fc480000)
 ParOldGen       total 197120K, used 94078K [0x00000000c0000000, 0x00000000cc080000, 0x00000000eaa80000)
  object space 197120K, 47% used [0x00000000c0000000,0x00000000c5bdf868,0x00000000cc080000)
 PSPermGen       total 21504K, used 6304K [0x00000000b5a00000, 0x00000000b6f00000, 0x00000000c0000000)
  object space 21504K, 29% used [0x00000000b5a00000,0x00000000b6028088,0x00000000b6f00000)
Event: 111.484 GC heap after
Heap after GC invocations=23 (full 5):
 PSYoungGen      total 204800K, used 21760K [0x00000000eaa80000, 0x00000000fbc00000, 0x0000000100000000)
  eden space 139776K, 0% used [0x00000000eaa80000,0x00000000eaa80000,0x00000000f3300000)
  from space 65024K, 33% used [0x00000000f7c80000,0x00000000f91c0010,0x00000000fbc00000)
  to   space 70144K, 0% used [0x00000000f3300000,0x00000000f3300000,0x00000000f7780000)
 ParOldGen       total 197120K, used 94078K [0x00000000c0000000, 0x00000000cc080000, 0x00000000eaa80000)
  object space 197120K, 47% used [0x00000000c0000000,0x00000000c5bdf868,0x00000000cc080000)
 PSPermGen       total 21504K, used 6304K [0x00000000b5a00000, 0x00000000b6f00000, 0x00000000c0000000)
  object space 21504K, 29% used [0x00000000b5a00000,0x00000000b6028088,0x00000000b6f00000)
}
Event: 113.070 GC heap before
{Heap before GC invocations=24 (full 5):
 PSYoungGen      total 204800K, used 161536K [0x00000000eaa80000, 0x00000000fbc00000, 0x0000000100000000)
  eden space 139776K, 100% used [0x00000000eaa80000,0x00000000f3300000,0x00000000f3300000)
  from space 65024K, 33% used [0x00000000f7c80000,0x00000000f91c0010,0x00000000fbc00000)
  to   space 70144K, 0% used [0x00000000f3300000,0x00000000f3300000,0x00000000f7780000)
 ParOldGen       total 197120K, used 94078K [0x00000000c0000000, 0x00000000cc080000, 0x00000000eaa80000)
  object space 197120K, 47% used [0x00000000c0000000,0x00000000c5bdf868,0x00000000cc080000)
 PSPermGen       total 21504K, used 6308K [0x00000000b5a00000, 0x00000000b6f00000, 0x00000000c0000000)
  object space 21504K, 29% used [0x00000000b5a00000,0x00000000b6029080,0x00000000b6f00000)
Event: 113.479 GC heap after
Heap after GC invocations=24 (full 5):
 PSYoungGen      total 209920K, used 70127K [0x00000000eaa80000, 0x00000000fff80000, 0x0000000100000000)
  eden space 139776K, 0% used [0x00000000eaa80000,0x00000000eaa80000,0x00000000f3300000)
  from space 70144K, 99% used [0x00000000f3300000,0x00000000f777bc50,0x00000000f7780000)
  to   space 91648K, 0% used [0x00000000fa600000,0x00000000fa600000,0x00000000fff80000)
 ParOldGen       total 197120K, used 120499K [0x00000000c0000000, 0x00000000cc080000, 0x00000000eaa80000)
  object space 197120K, 61% used [0x00000000c0000000,0x00000000c75acef0,0x00000000cc080000)
 PSPermGen       total 21504K, used 6308K [0x00000000b5a00000, 0x00000000b6f00000, 0x00000000c0000000)
  object space 21504K, 29% used [0x00000000b5a00000,0x00000000b6029080,0x00000000b6f00000)
}
Event: 114.845 GC heap before
{Heap before GC invocations=25 (full 5):
 PSYoungGen      total 209920K, used 209903K [0x00000000eaa80000, 0x00000000fff80000, 0x0000000100000000)
  eden space 139776K, 100% used [0x00000000eaa80000,0x00000000f3300000,0x00000000f3300000)
  from space 70144K, 99% used [0x00000000f3300000,0x00000000f777bc50,0x00000000f7780000)
  to   space 91648K, 0% used [0x00000000fa600000,0x00000000fa600000,0x00000000fff80000)
 ParOldGen       total 197120K, used 120499K [0x00000000c0000000, 0x00000000cc080000, 0x00000000eaa80000)
  object space 197120K, 61% used [0x00000000c0000000,0x00000000c75acef0,0x00000000cc080000)
 PSPermGen       total 21504K, used 6311K [0x00000000b5a00000, 0x00000000b6f00000, 0x00000000c0000000)
  object space 21504K, 29% used [0x00000000b5a00000,0x00000000b6029ca0,0x00000000b6f00000)
Event: 115.562 GC heap after
Heap after GC invocations=25 (full 5):
 PSYoungGen      total 258048K, used 47877K [0x00000000eaa80000, 0x0000000100000000, 0x0000000100000000)
  eden space 166400K, 0% used [0x00000000eaa80000,0x00000000eaa80000,0x00000000f4d00000)
  from space 91648K, 52% used [0x00000000fa600000,0x00000000fd4c1600,0x00000000fff80000)
  to   space 91136K, 0% used [0x00000000f4d00000,0x00000000f4d00000,0x00000000fa600000)
 ParOldGen       total 197120K, used 191496K [0x00000000c0000000, 0x00000000cc080000, 0x00000000eaa80000)
  object space 197120K, 97% used [0x00000000c0000000,0x00000000cbb023a0,0x00000000cc080000)
 PSPermGen       total 21504K, used 6311K [0x00000000b5a00000, 0x00000000b6f00000, 0x00000000c0000000)
  object space 21504K, 29% used [0x00000000b5a00000,0x00000000b6029ca0,0x00000000b6f00000)
}
Event: 115.562 GC heap before
{Heap before GC invocations=26 (full 6):
 PSYoungGen      total 258048K, used 47877K [0x00000000eaa80000, 0x0000000100000000, 0x0000000100000000)
  eden space 166400K, 0% used [0x00000000eaa80000,0x00000000eaa80000,0x00000000f4d00000)
  from space 91648K, 52% used [0x00000000fa600000,0x00000000fd4c1600,0x00000000fff80000)
  to   space 91136K, 0% used [0x00000000f4d00000,0x00000000f4d00000,0x00000000fa600000)
 ParOldGen       total 197120K, used 191496K [0x00000000c0000000, 0x00000000cc080000, 0x00000000eaa80000)
  object space 197120K, 97% used [0x00000000c0000000,0x00000000cbb023a0,0x00000000cc080000)
 PSPermGen       total 21504K, used 6311K [0x00000000b5a00000, 0x00000000b6f00000, 0x00000000c0000000)
  object space 21504K, 29% used [0x00000000b5a00000,0x00000000b6029ca0,0x00000000b6f00000)

