# JRE version: OpenJDK Runtime Environment (7.0_91-b02) (build 1.7.0_91-b02)
# Java VM: OpenJDK 64-Bit Server VM (24.91-b01 mixed mode linux-amd64 compressed oops)
Heap
 PSYoungGen      total 168448K, used 976K [0x00000000eaa80000, 0x00000000f8300000, 0x0000000100000000)
  eden space 115200K, 0% used [0x00000000eaa80000,0x00000000eaa80000,0x00000000f1b00000)
  from space 53248K, 1% used [0x00000000f4d00000,0x00000000f4df43b0,0x00000000f8100000)
  to   space 51200K, 0% used [0x00000000f1b00000,0x00000000f1b00000,0x00000000f4d00000)
 ParOldGen       total 214528K, used 214099K [0x00000000c0000000, 0x00000000cd180000, 0x00000000eaa80000)
  object space 214528K, 99% used [0x00000000c0000000,0x00000000cd114f70,0x00000000cd180000)
 PSPermGen       total 21504K, used 6294K [0x00000000b5a00000, 0x00000000b6f00000, 0x00000000c0000000)
  object space 21504K, 29% used [0x00000000b5a00000,0x00000000b60258b0,0x00000000b6f00000)
GC Heap History (10 events):
Event: 60.557 GC heap after
Heap after GC invocations=16 (full 3):
 PSYoungGen      total 109568K, used 36879K [0x00000000eaa80000, 0x00000000f5e00000, 0x0000000100000000)
  eden space 69120K, 0% used [0x00000000eaa80000,0x00000000eaa80000,0x00000000eee00000)
  from space 40448K, 91% used [0x00000000eee00000,0x00000000f1203ff8,0x00000000f1580000)
  to   space 46592K, 0% used [0x00000000f3080000,0x00000000f3080000,0x00000000f5e00000)
 ParOldGen       total 135680K, used 96963K [0x00000000c0000000, 0x00000000c8480000, 0x00000000eaa80000)
  object space 135680K, 71% used [0x00000000c0000000,0x00000000c5eb0eb0,0x00000000c8480000)
 PSPermGen       total 21504K, used 6287K [0x00000000b5a00000, 0x00000000b6f00000, 0x00000000c0000000)
  object space 21504K, 29% used [0x00000000b5a00000,0x00000000b6023e08,0x00000000b6f00000)
}
Event: 61.393 GC heap before
{Heap before GC invocations=17 (full 3):
 PSYoungGen      total 109568K, used 105999K [0x00000000eaa80000, 0x00000000f5e00000, 0x0000000100000000)
  eden space 69120K, 100% used [0x00000000eaa80000,0x00000000eee00000,0x00000000eee00000)
  from space 40448K, 91% used [0x00000000eee00000,0x00000000f1203ff8,0x00000000f1580000)
  to   space 46592K, 0% used [0x00000000f3080000,0x00000000f3080000,0x00000000f5e00000)
 ParOldGen       total 135680K, used 96963K [0x00000000c0000000, 0x00000000c8480000, 0x00000000eaa80000)
  object space 135680K, 71% used [0x00000000c0000000,0x00000000c5eb0eb0,0x00000000c8480000)
 PSPermGen       total 21504K, used 6288K [0x00000000b5a00000, 0x00000000b6f00000, 0x00000000c0000000)
  object space 21504K, 29% used [0x00000000b5a00000,0x00000000b60240e8,0x00000000b6f00000)
Event: 62.366 GC heap after
Heap after GC invocations=17 (full 3):
 PSYoungGen      total 133632K, used 34150K [0x00000000eaa80000, 0x00000000f6b00000, 0x0000000100000000)
  eden space 87040K, 0% used [0x00000000eaa80000,0x00000000eaa80000,0x00000000eff80000)
  from space 46592K, 73% used [0x00000000f3080000,0x00000000f51d9a80,0x00000000f5e00000)
  to   space 50176K, 0% used [0x00000000eff80000,0x00000000eff80000,0x00000000f3080000)
 ParOldGen       total 135680K, used 134502K [0x00000000c0000000, 0x00000000c8480000, 0x00000000eaa80000)
  object space 135680K, 99% used [0x00000000c0000000,0x00000000c83599a8,0x00000000c8480000)
 PSPermGen       total 21504K, used 6288K [0x00000000b5a00000, 0x00000000b6f00000, 0x00000000c0000000)
  object space 21504K, 29% used [0x00000000b5a00000,0x00000000b60240e8,0x00000000b6f00000)
}
Event: 62.367 GC heap before
{Heap before GC invocations=18 (full 4):
 PSYoungGen      total 133632K, used 34150K [0x00000000eaa80000, 0x00000000f6b00000, 0x0000000100000000)
  eden space 87040K, 0% used [0x00000000eaa80000,0x00000000eaa80000,0x00000000eff80000)
  from space 46592K, 73% used [0x00000000f3080000,0x00000000f51d9a80,0x00000000f5e00000)
  to   space 50176K, 0% used [0x00000000eff80000,0x00000000eff80000,0x00000000f3080000)
 ParOldGen       total 135680K, used 134502K [0x00000000c0000000, 0x00000000c8480000, 0x00000000eaa80000)
  object space 135680K, 99% used [0x00000000c0000000,0x00000000c83599a8,0x00000000c8480000)
 PSPermGen       total 21504K, used 6288K [0x00000000b5a00000, 0x00000000b6f00000, 0x00000000c0000000)
  object space 21504K, 29% used [0x00000000b5a00000,0x00000000b60240e8,0x00000000b6f00000)
Event: 66.390 GC heap after
Heap after GC invocations=18 (full 4):
 PSYoungGen      total 133632K, used 26833K [0x00000000eaa80000, 0x00000000f6b00000, 0x0000000100000000)
  eden space 87040K, 0% used [0x00000000eaa80000,0x00000000eaa80000,0x00000000eff80000)
  from space 46592K, 57% used [0x00000000f3080000,0x00000000f4ab4600,0x00000000f5e00000)
  to   space 50176K, 0% used [0x00000000eff80000,0x00000000eff80000,0x00000000f3080000)
 ParOldGen       total 214528K, used 135389K [0x00000000c0000000, 0x00000000cd180000, 0x00000000eaa80000)
  object space 214528K, 63% used [0x00000000c0000000,0x00000000c84377b8,0x00000000cd180000)
 PSPermGen       total 21504K, used 6288K [0x00000000b5a00000, 0x00000000b6f00000, 0x00000000c0000000)
  object space 21504K, 29% used [0x00000000b5a00000,0x00000000b60240c8,0x00000000b6f00000)
}
Event: 70.245 GC heap before
{Heap before GC invocations=19 (full 4):
 PSYoungGen      total 133632K, used 113873K [0x00000000eaa80000, 0x00000000f6b00000, 0x0000000100000000)
  eden space 87040K, 100% used [0x00000000eaa80000,0x00000000eff80000,0x00000000eff80000)
  from space 46592K, 57% used [0x00000000f3080000,0x00000000f4ab4600,0x00000000f5e00000)
  to   space 50176K, 0% used [0x00000000eff80000,0x00000000eff80000,0x00000000f3080000)
 ParOldGen       total 214528K, used 135389K [0x00000000c0000000, 0x00000000cd180000, 0x00000000eaa80000)
  object space 214528K, 63% used [0x00000000c0000000,0x00000000c84377b8,0x00000000cd180000)
 PSPermGen       total 21504K, used 6293K [0x00000000b5a00000, 0x00000000b6f00000, 0x00000000c0000000)
  object space 21504K, 29% used [0x00000000b5a00000,0x00000000b6025690,0x00000000b6f00000)
Event: 72.322 GC heap after
Heap after GC invocations=19 (full 4):
 PSYoungGen      total 137216K, used 34860K [0x00000000eaa80000, 0x00000000f8100000, 0x0000000100000000)
  eden space 87040K, 0% used [0x00000000eaa80000,0x00000000eaa80000,0x00000000eff80000)
  from space 50176K, 69% used [0x00000000eff80000,0x00000000f218b228,0x00000000f3080000)
  to   space 53248K, 0% used [0x00000000f4d00000,0x00000000f4d00000,0x00000000f8100000)
 ParOldGen       total 214528K, used 163653K [0x00000000c0000000, 0x00000000cd180000, 0x00000000eaa80000)
  object space 214528K, 76% used [0x00000000c0000000,0x00000000c9fd17b8,0x00000000cd180000)
 PSPermGen       total 21504K, used 6293K [0x00000000b5a00000, 0x00000000b6f00000, 0x00000000c0000000)
  object space 21504K, 29% used [0x00000000b5a00000,0x00000000b6025690,0x00000000b6f00000)
}
Event: 74.211 GC heap before
{Heap before GC invocations=20 (full 4):
 PSYoungGen      total 137216K, used 121900K [0x00000000eaa80000, 0x00000000f8100000, 0x0000000100000000)
  eden space 87040K, 100% used [0x00000000eaa80000,0x00000000eff80000,0x00000000eff80000)
  from space 50176K, 69% used [0x00000000eff80000,0x00000000f218b228,0x00000000f3080000)
  to   space 53248K, 0% used [0x00000000f4d00000,0x00000000f4d00000,0x00000000f8100000)
 ParOldGen       total 214528K, used 163653K [0x00000000c0000000, 0x00000000cd180000, 0x00000000eaa80000)
  object space 214528K, 76% used [0x00000000c0000000,0x00000000c9fd17b8,0x00000000cd180000)
 PSPermGen       total 21504K, used 6294K [0x00000000b5a00000, 0x00000000b6f00000, 0x00000000c0000000)
  object space 21504K, 29% used [0x00000000b5a00000,0x00000000b6025a50,0x00000000b6f00000)
Event: 79.977 GC heap after
Heap after GC invocations=20 (full 4):
 PSYoungGen      total 168448K, used 22546K [0x00000000eaa80000, 0x00000000f8300000, 0x0000000100000000)
  eden space 115200K, 0% used [0x00000000eaa80000,0x00000000eaa80000,0x00000000f1b00000)
  from space 53248K, 42% used [0x00000000f4d00000,0x00000000f6304900,0x00000000f8100000)
  to   space 51200K, 0% used [0x00000000f1b00000,0x00000000f1b00000,0x00000000f4d00000)
 ParOldGen       total 214528K, used 199082K [0x00000000c0000000, 0x00000000cd180000, 0x00000000eaa80000)
  object space 214528K, 92% used [0x00000000c0000000,0x00000000cc26ab00,0x00000000cd180000)
 PSPermGen       total 21504K, used 6294K [0x00000000b5a00000, 0x00000000b6f00000, 0x00000000c0000000)
  object space 21504K, 29% used [0x00000000b5a00000,0x00000000b6025a50,0x00000000b6f00000)
}
Event: 79.977 GC heap before
{Heap before GC invocations=21 (full 5):
 PSYoungGen      total 168448K, used 22546K [0x00000000eaa80000, 0x00000000f8300000, 0x0000000100000000)
  eden space 115200K, 0% used [0x00000000eaa80000,0x00000000eaa80000,0x00000000f1b00000)
  from space 53248K, 42% used [0x00000000f4d00000,0x00000000f6304900,0x00000000f8100000)
  to   space 51200K, 0% used [0x00000000f1b00000,0x00000000f1b00000,0x00000000f4d00000)
 ParOldGen       total 214528K, used 199082K [0x00000000c0000000, 0x00000000cd180000, 0x00000000eaa80000)
  object space 214528K, 92% used [0x00000000c0000000,0x00000000cc26ab00,0x00000000cd180000)
 PSPermGen       total 21504K, used 6294K [0x00000000b5a00000, 0x00000000b6f00000, 0x00000000c0000000)
  object space 21504K, 29% used [0x00000000b5a00000,0x00000000b6025a50,0x00000000b6f00000)

