# JRE version: OpenJDK Runtime Environment (7.0_91-b02) (build 1.7.0_91-b02)
# Java VM: OpenJDK 64-Bit Server VM (24.91-b01 mixed mode linux-amd64 compressed oops)
Heap
 PSYoungGen      total 202752K, used 11221K [0x00000000eaa80000, 0x00000000fc200000, 0x0000000100000000)
  eden space 132096K, 0% used [0x00000000eaa80000,0x00000000eaa80000,0x00000000f2b80000)
  from space 70656K, 15% used [0x00000000f7300000,0x00000000f7df56d8,0x00000000fb800000)
  to   space 73216K, 0% used [0x00000000f2b80000,0x00000000f2b80000,0x00000000f7300000)
 ParOldGen       total 172032K, used 171894K [0x00000000c0000000, 0x00000000ca800000, 0x00000000eaa80000)
  object space 172032K, 99% used [0x00000000c0000000,0x00000000ca7ddba0,0x00000000ca800000)
 PSPermGen       total 21504K, used 6309K [0x00000000b5a00000, 0x00000000b6f00000, 0x00000000c0000000)
  object space 21504K, 29% used [0x00000000b5a00000,0x00000000b60295e0,0x00000000b6f00000)
GC Heap History (10 events):
Event: 71.513 GC heap after
Heap after GC invocations=16 (full 3):
 PSYoungGen      total 121344K, used 15968K [0x00000000eaa80000, 0x00000000f5b80000, 0x0000000100000000)
  eden space 81408K, 0% used [0x00000000eaa80000,0x00000000eaa80000,0x00000000efa00000)
  from space 39936K, 39% used [0x00000000efa00000,0x00000000f0998000,0x00000000f2100000)
  to   space 38400K, 0% used [0x00000000f3600000,0x00000000f3600000,0x00000000f5b80000)
 ParOldGen       total 105472K, used 57354K [0x00000000c0000000, 0x00000000c6700000, 0x00000000eaa80000)
  object space 105472K, 54% used [0x00000000c0000000,0x00000000c38029b8,0x00000000c6700000)
 PSPermGen       total 21504K, used 6287K [0x00000000b5a00000, 0x00000000b6f00000, 0x00000000c0000000)
  object space 21504K, 29% used [0x00000000b5a00000,0x00000000b6023f30,0x00000000b6f00000)
}
Event: 77.109 GC heap before
{Heap before GC invocations=17 (full 3):
 PSYoungGen      total 121344K, used 97376K [0x00000000eaa80000, 0x00000000f5b80000, 0x0000000100000000)
  eden space 81408K, 100% used [0x00000000eaa80000,0x00000000efa00000,0x00000000efa00000)
  from space 39936K, 39% used [0x00000000efa00000,0x00000000f0998000,0x00000000f2100000)
  to   space 38400K, 0% used [0x00000000f3600000,0x00000000f3600000,0x00000000f5b80000)
 ParOldGen       total 105472K, used 57354K [0x00000000c0000000, 0x00000000c6700000, 0x00000000eaa80000)
  object space 105472K, 54% used [0x00000000c0000000,0x00000000c38029b8,0x00000000c6700000)
 PSPermGen       total 21504K, used 6305K [0x00000000b5a00000, 0x00000000b6f00000, 0x00000000c0000000)
  object space 21504K, 29% used [0x00000000b5a00000,0x00000000b6028780,0x00000000b6f00000)
Event: 77.684 GC heap after
Heap after GC invocations=17 (full 3):
 PSYoungGen      total 135168K, used 38383K [0x00000000eaa80000, 0x00000000f6b00000, 0x0000000100000000)
  eden space 96768K, 0% used [0x00000000eaa80000,0x00000000eaa80000,0x00000000f0900000)
  from space 38400K, 99% used [0x00000000f3600000,0x00000000f5b7bfc8,0x00000000f5b80000)
  to   space 46080K, 0% used [0x00000000f0900000,0x00000000f0900000,0x00000000f3600000)
 ParOldGen       total 105472K, used 61032K [0x00000000c0000000, 0x00000000c6700000, 0x00000000eaa80000)
  object space 105472K, 57% used [0x00000000c0000000,0x00000000c3b9a380,0x00000000c6700000)
 PSPermGen       total 21504K, used 6305K [0x00000000b5a00000, 0x00000000b6f00000, 0x00000000c0000000)
  object space 21504K, 29% used [0x00000000b5a00000,0x00000000b6028780,0x00000000b6f00000)
}
Event: 78.724 GC heap before
{Heap before GC invocations=18 (full 3):
 PSYoungGen      total 135168K, used 135151K [0x00000000eaa80000, 0x00000000f6b00000, 0x0000000100000000)
  eden space 96768K, 100% used [0x00000000eaa80000,0x00000000f0900000,0x00000000f0900000)
  from space 38400K, 99% used [0x00000000f3600000,0x00000000f5b7bfc8,0x00000000f5b80000)
  to   space 46080K, 0% used [0x00000000f0900000,0x00000000f0900000,0x00000000f3600000)
 ParOldGen       total 105472K, used 61032K [0x00000000c0000000, 0x00000000c6700000, 0x00000000eaa80000)
  object space 105472K, 57% used [0x00000000c0000000,0x00000000c3b9a380,0x00000000c6700000)
 PSPermGen       total 21504K, used 6308K [0x00000000b5a00000, 0x00000000b6f00000, 0x00000000c0000000)
  object space 21504K, 29% used [0x00000000b5a00000,0x00000000b6029258,0x00000000b6f00000)
Event: 79.403 GC heap after
Heap after GC invocations=18 (full 3):
 PSYoungGen      total 142848K, used 46048K [0x00000000eaa80000, 0x00000000fb800000, 0x0000000100000000)
  eden space 96768K, 0% used [0x00000000eaa80000,0x00000000eaa80000,0x00000000f0900000)
  from space 46080K, 99% used [0x00000000f0900000,0x00000000f35f8288,0x00000000f3600000)
  to   space 70656K, 0% used [0x00000000f7300000,0x00000000f7300000,0x00000000fb800000)
 ParOldGen       total 105472K, used 105382K [0x00000000c0000000, 0x00000000c6700000, 0x00000000eaa80000)
  object space 105472K, 99% used [0x00000000c0000000,0x00000000c66e9a28,0x00000000c6700000)
 PSPermGen       total 21504K, used 6308K [0x00000000b5a00000, 0x00000000b6f00000, 0x00000000c0000000)
  object space 21504K, 29% used [0x00000000b5a00000,0x00000000b6029258,0x00000000b6f00000)
}
Event: 79.403 GC heap before
{Heap before GC invocations=19 (full 4):
 PSYoungGen      total 142848K, used 46048K [0x00000000eaa80000, 0x00000000fb800000, 0x0000000100000000)
  eden space 96768K, 0% used [0x00000000eaa80000,0x00000000eaa80000,0x00000000f0900000)
  from space 46080K, 99% used [0x00000000f0900000,0x00000000f35f8288,0x00000000f3600000)
  to   space 70656K, 0% used [0x00000000f7300000,0x00000000f7300000,0x00000000fb800000)
 ParOldGen       total 105472K, used 105382K [0x00000000c0000000, 0x00000000c6700000, 0x00000000eaa80000)
  object space 105472K, 99% used [0x00000000c0000000,0x00000000c66e9a28,0x00000000c6700000)
 PSPermGen       total 21504K, used 6308K [0x00000000b5a00000, 0x00000000b6f00000, 0x00000000c0000000)
  object space 21504K, 29% used [0x00000000b5a00000,0x00000000b6029258,0x00000000b6f00000)
Event: 81.892 GC heap after
Heap after GC invocations=19 (full 4):
 PSYoungGen      total 142848K, used 39648K [0x00000000eaa80000, 0x00000000fb800000, 0x0000000100000000)
  eden space 96768K, 0% used [0x00000000eaa80000,0x00000000eaa80000,0x00000000f0900000)
  from space 46080K, 86% used [0x00000000f0900000,0x00000000f2fb8198,0x00000000f3600000)
  to   space 70656K, 0% used [0x00000000f7300000,0x00000000f7300000,0x00000000fb800000)
 ParOldGen       total 172032K, used 105189K [0x00000000c0000000, 0x00000000ca800000, 0x00000000eaa80000)
  object space 172032K, 61% used [0x00000000c0000000,0x00000000c66b9558,0x00000000ca800000)
 PSPermGen       total 21504K, used 6308K [0x00000000b5a00000, 0x00000000b6f00000, 0x00000000c0000000)
  object space 21504K, 29% used [0x00000000b5a00000,0x00000000b60291b8,0x00000000b6f00000)
}
Event: 82.754 GC heap before
{Heap before GC invocations=20 (full 4):
 PSYoungGen      total 142848K, used 136416K [0x00000000eaa80000, 0x00000000fb800000, 0x0000000100000000)
  eden space 96768K, 100% used [0x00000000eaa80000,0x00000000f0900000,0x00000000f0900000)
  from space 46080K, 86% used [0x00000000f0900000,0x00000000f2fb8198,0x00000000f3600000)
  to   space 70656K, 0% used [0x00000000f7300000,0x00000000f7300000,0x00000000fb800000)
 ParOldGen       total 172032K, used 105189K [0x00000000c0000000, 0x00000000ca800000, 0x00000000eaa80000)
  object space 172032K, 61% used [0x00000000c0000000,0x00000000c66b9558,0x00000000ca800000)
 PSPermGen       total 21504K, used 6309K [0x00000000b5a00000, 0x00000000b6f00000, 0x00000000c0000000)
  object space 21504K, 29% used [0x00000000b5a00000,0x00000000b6029600,0x00000000b6f00000)
Event: 88.088 GC heap after
Heap after GC invocations=20 (full 4):
 PSYoungGen      total 202752K, used 43065K [0x00000000eaa80000, 0x00000000fc200000, 0x0000000100000000)
  eden space 132096K, 0% used [0x00000000eaa80000,0x00000000eaa80000,0x00000000f2b80000)
  from space 70656K, 60% used [0x00000000f7300000,0x00000000f9d0e750,0x00000000fb800000)
  to   space 73216K, 0% used [0x00000000f2b80000,0x00000000f2b80000,0x00000000f7300000)
 ParOldGen       total 172032K, used 146760K [0x00000000c0000000, 0x00000000ca800000, 0x00000000eaa80000)
  object space 172032K, 85% used [0x00000000c0000000,0x00000000c8f52158,0x00000000ca800000)
 PSPermGen       total 21504K, used 6309K [0x00000000b5a00000, 0x00000000b6f00000, 0x00000000c0000000)
  object space 21504K, 29% used [0x00000000b5a00000,0x00000000b6029600,0x00000000b6f00000)
}
Event: 88.089 GC heap before
{Heap before GC invocations=21 (full 5):
 PSYoungGen      total 202752K, used 43065K [0x00000000eaa80000, 0x00000000fc200000, 0x0000000100000000)
  eden space 132096K, 0% used [0x00000000eaa80000,0x00000000eaa80000,0x00000000f2b80000)
  from space 70656K, 60% used [0x00000000f7300000,0x00000000f9d0e750,0x00000000fb800000)
  to   space 73216K, 0% used [0x00000000f2b80000,0x00000000f2b80000,0x00000000f7300000)
 ParOldGen       total 172032K, used 146760K [0x00000000c0000000, 0x00000000ca800000, 0x00000000eaa80000)
  object space 172032K, 85% used [0x00000000c0000000,0x00000000c8f52158,0x00000000ca800000)
 PSPermGen       total 21504K, used 6309K [0x00000000b5a00000, 0x00000000b6f00000, 0x00000000c0000000)
  object space 21504K, 29% used [0x00000000b5a00000,0x00000000b6029600,0x00000000b6f00000)

