# JRE version: OpenJDK Runtime Environment (7.0_91-b02) (build 1.7.0_91-b02)
# Java VM: OpenJDK 64-Bit Server VM (24.91-b01 mixed mode linux-amd64 compressed oops)
Heap
 PSYoungGen      total 187904K, used 38393K [0x00000000eaa80000, 0x00000000faf00000, 0x0000000100000000)
  eden space 149504K, 0% used [0x00000000eaa80000,0x00000000eaa80000,0x00000000f3c80000)
  from space 38400K, 99% used [0x00000000f8980000,0x00000000faefe6e0,0x00000000faf00000)
  to   space 39936K, 0% used [0x00000000f3c80000,0x00000000f3c80000,0x00000000f6380000)
 ParOldGen       total 219136K, used 219003K [0x00000000c0000000, 0x00000000cd600000, 0x00000000eaa80000)
  object space 219136K, 99% used [0x00000000c0000000,0x00000000cd5decd0,0x00000000cd600000)
 PSPermGen       total 21504K, used 6358K [0x00000000b5a00000, 0x00000000b6f00000, 0x00000000c0000000)
  object space 21504K, 29% used [0x00000000b5a00000,0x00000000b6035a50,0x00000000b6f00000)
GC Heap History (10 events):
Event: 42.614 GC heap after
Heap after GC invocations=19 (full 3):
 PSYoungGen      total 154624K, used 32592K [0x00000000eaa80000, 0x00000000f7c00000, 0x0000000100000000)
  eden space 118784K, 0% used [0x00000000eaa80000,0x00000000eaa80000,0x00000000f1e80000)
  from space 35840K, 90% used [0x00000000f4580000,0x00000000f65540d8,0x00000000f6880000)
  to   space 39936K, 0% used [0x00000000f1e80000,0x00000000f1e80000,0x00000000f4580000)
 ParOldGen       total 106496K, used 86267K [0x00000000c0000000, 0x00000000c6800000, 0x00000000eaa80000)
  object space 106496K, 81% used [0x00000000c0000000,0x00000000c543ee98,0x00000000c6800000)
 PSPermGen       total 21504K, used 6317K [0x00000000b5a00000, 0x00000000b6f00000, 0x00000000c0000000)
  object space 21504K, 29% used [0x00000000b5a00000,0x00000000b602b568,0x00000000b6f00000)
}
Event: 45.013 GC heap before
{Heap before GC invocations=20 (full 3):
 PSYoungGen      total 154624K, used 151376K [0x00000000eaa80000, 0x00000000f7c00000, 0x0000000100000000)
  eden space 118784K, 100% used [0x00000000eaa80000,0x00000000f1e80000,0x00000000f1e80000)
  from space 35840K, 90% used [0x00000000f4580000,0x00000000f65540d8,0x00000000f6880000)
  to   space 39936K, 0% used [0x00000000f1e80000,0x00000000f1e80000,0x00000000f4580000)
 ParOldGen       total 106496K, used 86267K [0x00000000c0000000, 0x00000000c6800000, 0x00000000eaa80000)
  object space 106496K, 81% used [0x00000000c0000000,0x00000000c543ee98,0x00000000c6800000)
 PSPermGen       total 21504K, used 6332K [0x00000000b5a00000, 0x00000000b6f00000, 0x00000000c0000000)
  object space 21504K, 29% used [0x00000000b5a00000,0x00000000b602f108,0x00000000b6f00000)
Event: 45.473 GC heap after
Heap after GC invocations=20 (full 3):
 PSYoungGen      total 158720K, used 19872K [0x00000000eaa80000, 0x00000000f8b80000, 0x0000000100000000)
  eden space 118784K, 0% used [0x00000000eaa80000,0x00000000eaa80000,0x00000000f1e80000)
  from space 39936K, 49% used [0x00000000f1e80000,0x00000000f31e8030,0x00000000f4580000)
  to   space 38912K, 0% used [0x00000000f6580000,0x00000000f6580000,0x00000000f8b80000)
 ParOldGen       total 118272K, used 117983K [0x00000000c0000000, 0x00000000c7380000, 0x00000000eaa80000)
  object space 118272K, 99% used [0x00000000c0000000,0x00000000c7337d28,0x00000000c7380000)
 PSPermGen       total 21504K, used 6332K [0x00000000b5a00000, 0x00000000b6f00000, 0x00000000c0000000)
  object space 21504K, 29% used [0x00000000b5a00000,0x00000000b602f108,0x00000000b6f00000)
}
Event: 45.473 GC heap before
{Heap before GC invocations=21 (full 4):
 PSYoungGen      total 158720K, used 19872K [0x00000000eaa80000, 0x00000000f8b80000, 0x0000000100000000)
  eden space 118784K, 0% used [0x00000000eaa80000,0x00000000eaa80000,0x00000000f1e80000)
  from space 39936K, 49% used [0x00000000f1e80000,0x00000000f31e8030,0x00000000f4580000)
  to   space 38912K, 0% used [0x00000000f6580000,0x00000000f6580000,0x00000000f8b80000)
 ParOldGen       total 118272K, used 117983K [0x00000000c0000000, 0x00000000c7380000, 0x00000000eaa80000)
  object space 118272K, 99% used [0x00000000c0000000,0x00000000c7337d28,0x00000000c7380000)
 PSPermGen       total 21504K, used 6332K [0x00000000b5a00000, 0x00000000b6f00000, 0x00000000c0000000)
  object space 21504K, 29% used [0x00000000b5a00000,0x00000000b602f108,0x00000000b6f00000)
Event: 47.051 GC heap after
Heap after GC invocations=21 (full 4):
 PSYoungGen      total 158720K, used 16146K [0x00000000eaa80000, 0x00000000f8b80000, 0x0000000100000000)
  eden space 118784K, 0% used [0x00000000eaa80000,0x00000000eaa80000,0x00000000f1e80000)
  from space 39936K, 40% used [0x00000000f1e80000,0x00000000f2e44b30,0x00000000f4580000)
  to   space 38912K, 0% used [0x00000000f6580000,0x00000000f6580000,0x00000000f8b80000)
 ParOldGen       total 178688K, used 117916K [0x00000000c0000000, 0x00000000cae80000, 0x00000000eaa80000)
  object space 178688K, 65% used [0x00000000c0000000,0x00000000c7327100,0x00000000cae80000)
 PSPermGen       total 21504K, used 6331K [0x00000000b5a00000, 0x00000000b6f00000, 0x00000000c0000000)
  object space 21504K, 29% used [0x00000000b5a00000,0x00000000b602edc8,0x00000000b6f00000)
}
Event: 52.253 GC heap before
{Heap before GC invocations=22 (full 4):
 PSYoungGen      total 158720K, used 134930K [0x00000000eaa80000, 0x00000000f8b80000, 0x0000000100000000)
  eden space 118784K, 100% used [0x00000000eaa80000,0x00000000f1e80000,0x00000000f1e80000)
  from space 39936K, 40% used [0x00000000f1e80000,0x00000000f2e44b30,0x00000000f4580000)
  to   space 38912K, 0% used [0x00000000f6580000,0x00000000f6580000,0x00000000f8b80000)
 ParOldGen       total 178688K, used 117916K [0x00000000c0000000, 0x00000000cae80000, 0x00000000eaa80000)
  object space 178688K, 65% used [0x00000000c0000000,0x00000000c7327100,0x00000000cae80000)
 PSPermGen       total 21504K, used 6343K [0x00000000b5a00000, 0x00000000b6f00000, 0x00000000c0000000)
  object space 21504K, 29% used [0x00000000b5a00000,0x00000000b6031c28,0x00000000b6f00000)
Event: 52.788 GC heap after
Heap after GC invocations=22 (full 4):
 PSYoungGen      total 187392K, used 25084K [0x00000000eaa80000, 0x00000000f8a80000, 0x0000000100000000)
  eden space 149504K, 0% used [0x00000000eaa80000,0x00000000eaa80000,0x00000000f3c80000)
  from space 37888K, 66% used [0x00000000f6580000,0x00000000f7dff2a8,0x00000000f8a80000)
  to   space 39936K, 0% used [0x00000000f3c80000,0x00000000f3c80000,0x00000000f6380000)
 ParOldGen       total 178688K, used 133255K [0x00000000c0000000, 0x00000000cae80000, 0x00000000eaa80000)
  object space 178688K, 74% used [0x00000000c0000000,0x00000000c8221d98,0x00000000cae80000)
 PSPermGen       total 21504K, used 6343K [0x00000000b5a00000, 0x00000000b6f00000, 0x00000000c0000000)
  object space 21504K, 29% used [0x00000000b5a00000,0x00000000b6031c28,0x00000000b6f00000)
}
Event: 54.501 GC heap before
{Heap before GC invocations=23 (full 4):
 PSYoungGen      total 187392K, used 174588K [0x00000000eaa80000, 0x00000000f8a80000, 0x0000000100000000)
  eden space 149504K, 100% used [0x00000000eaa80000,0x00000000f3c80000,0x00000000f3c80000)
  from space 37888K, 66% used [0x00000000f6580000,0x00000000f7dff2a8,0x00000000f8a80000)
  to   space 39936K, 0% used [0x00000000f3c80000,0x00000000f3c80000,0x00000000f6380000)
 ParOldGen       total 178688K, used 133255K [0x00000000c0000000, 0x00000000cae80000, 0x00000000eaa80000)
  object space 178688K, 74% used [0x00000000c0000000,0x00000000c8221d98,0x00000000cae80000)
 PSPermGen       total 21504K, used 6356K [0x00000000b5a00000, 0x00000000b6f00000, 0x00000000c0000000)
  object space 21504K, 29% used [0x00000000b5a00000,0x00000000b6035348,0x00000000b6f00000)
Event: 55.036 GC heap after
Heap after GC invocations=23 (full 4):
 PSYoungGen      total 189440K, used 20716K [0x00000000eaa80000, 0x00000000faf00000, 0x0000000100000000)
  eden space 149504K, 0% used [0x00000000eaa80000,0x00000000eaa80000,0x00000000f3c80000)
  from space 39936K, 51% used [0x00000000f3c80000,0x00000000f50bb260,0x00000000f6380000)
  to   space 38400K, 0% used [0x00000000f8980000,0x00000000f8980000,0x00000000faf00000)
 ParOldGen       total 178688K, used 149698K [0x00000000c0000000, 0x00000000cae80000, 0x00000000eaa80000)
  object space 178688K, 83% used [0x00000000c0000000,0x00000000c9230870,0x00000000cae80000)
 PSPermGen       total 21504K, used 6356K [0x00000000b5a00000, 0x00000000b6f00000, 0x00000000c0000000)
  object space 21504K, 29% used [0x00000000b5a00000,0x00000000b6035348,0x00000000b6f00000)
}
Event: 64.343 GC heap before
{Heap before GC invocations=24 (full 4):
 PSYoungGen      total 189440K, used 170220K [0x00000000eaa80000, 0x00000000faf00000, 0x0000000100000000)
  eden space 149504K, 100% used [0x00000000eaa80000,0x00000000f3c80000,0x00000000f3c80000)
  from space 39936K, 51% used [0x00000000f3c80000,0x00000000f50bb260,0x00000000f6380000)
  to   space 38400K, 0% used [0x00000000f8980000,0x00000000f8980000,0x00000000faf00000)
 ParOldGen       total 178688K, used 149698K [0x00000000c0000000, 0x00000000cae80000, 0x00000000eaa80000)
  object space 178688K, 83% used [0x00000000c0000000,0x00000000c9230870,0x00000000cae80000)
 PSPermGen       total 21504K, used 6358K [0x00000000b5a00000, 0x00000000b6f00000, 0x00000000c0000000)
  object space 21504K, 29% used [0x00000000b5a00000,0x00000000b6035a50,0x00000000b6f00000)

