# JRE version: OpenJDK Runtime Environment (7.0_91-b02) (build 1.7.0_91-b02)
# Java VM: OpenJDK 64-Bit Server VM (24.91-b01 mixed mode linux-amd64 compressed oops)
Heap
 PSYoungGen      total 270848K, used 32743K [0x00000000eaa80000, 0x00000000fd300000, 0x0000000100000000)
  eden space 238080K, 0% used [0x00000000eaa80000,0x00000000eaa80000,0x00000000f9300000)
  from space 32768K, 99% used [0x00000000f9300000,0x00000000fb2f9c70,0x00000000fb300000)
  to   space 27648K, 0% used [0x00000000fb800000,0x00000000fb800000,0x00000000fd300000)
 ParOldGen       total 102912K, used 91832K [0x00000000c0000000, 0x00000000c6480000, 0x00000000eaa80000)
  object space 102912K, 89% used [0x00000000c0000000,0x00000000c59ae128,0x00000000c6480000)
 PSPermGen       total 21504K, used 6449K [0x00000000b5a00000, 0x00000000b6f00000, 0x00000000c0000000)
  object space 21504K, 29% used [0x00000000b5a00000,0x00000000b604c468,0x00000000b6f00000)
GC Heap History (10 events):
Event: 42.146 GC heap after
Heap after GC invocations=11 (full 1):
 PSYoungGen      total 190464K, used 15864K [0x00000000eaa80000, 0x00000000f8b80000, 0x0000000100000000)
  eden space 174592K, 0% used [0x00000000eaa80000,0x00000000eaa80000,0x00000000f5500000)
  from space 15872K, 99% used [0x00000000f6c80000,0x00000000f7bfe0d0,0x00000000f7c00000)
  to   space 24064K, 0% used [0x00000000f5500000,0x00000000f5500000,0x00000000f6c80000)
 ParOldGen       total 43008K, used 42640K [0x00000000c0000000, 0x00000000c2a00000, 0x00000000eaa80000)
  object space 43008K, 99% used [0x00000000c0000000,0x00000000c29a4110,0x00000000c2a00000)
 PSPermGen       total 21504K, used 6395K [0x00000000b5a00000, 0x00000000b6f00000, 0x00000000c0000000)
  object space 21504K, 29% used [0x00000000b5a00000,0x00000000b603efb0,0x00000000b6f00000)
}
Event: 42.147 GC heap before
{Heap before GC invocations=12 (full 2):
 PSYoungGen      total 190464K, used 15864K [0x00000000eaa80000, 0x00000000f8b80000, 0x0000000100000000)
  eden space 174592K, 0% used [0x00000000eaa80000,0x00000000eaa80000,0x00000000f5500000)
  from space 15872K, 99% used [0x00000000f6c80000,0x00000000f7bfe0d0,0x00000000f7c00000)
  to   space 24064K, 0% used [0x00000000f5500000,0x00000000f5500000,0x00000000f6c80000)
 ParOldGen       total 43008K, used 42640K [0x00000000c0000000, 0x00000000c2a00000, 0x00000000eaa80000)
  object space 43008K, 99% used [0x00000000c0000000,0x00000000c29a4110,0x00000000c2a00000)
 PSPermGen       total 21504K, used 6395K [0x00000000b5a00000, 0x00000000b6f00000, 0x00000000c0000000)
  object space 21504K, 29% used [0x00000000b5a00000,0x00000000b603efb0,0x00000000b6f00000)
Event: 43.966 GC heap after
Heap after GC invocations=12 (full 2):
 PSYoungGen      total 190464K, used 13229K [0x00000000eaa80000, 0x00000000f8b80000, 0x0000000100000000)
  eden space 174592K, 0% used [0x00000000eaa80000,0x00000000eaa80000,0x00000000f5500000)
  from space 15872K, 83% used [0x00000000f6c80000,0x00000000f796b600,0x00000000f7c00000)
  to   space 24064K, 0% used [0x00000000f5500000,0x00000000f5500000,0x00000000f6c80000)
 ParOldGen       total 69120K, used 42667K [0x00000000c0000000, 0x00000000c4380000, 0x00000000eaa80000)
  object space 69120K, 61% used [0x00000000c0000000,0x00000000c29aac08,0x00000000c4380000)
 PSPermGen       total 21504K, used 6394K [0x00000000b5a00000, 0x00000000b6f00000, 0x00000000c0000000)
  object space 21504K, 29% used [0x00000000b5a00000,0x00000000b603eb50,0x00000000b6f00000)
}
Event: 52.870 GC heap before
{Heap before GC invocations=13 (full 2):
 PSYoungGen      total 190464K, used 187821K [0x00000000eaa80000, 0x00000000f8b80000, 0x0000000100000000)
  eden space 174592K, 100% used [0x00000000eaa80000,0x00000000f5500000,0x00000000f5500000)
  from space 15872K, 83% used [0x00000000f6c80000,0x00000000f796b600,0x00000000f7c00000)
  to   space 24064K, 0% used [0x00000000f5500000,0x00000000f5500000,0x00000000f6c80000)
 ParOldGen       total 69120K, used 42667K [0x00000000c0000000, 0x00000000c4380000, 0x00000000eaa80000)
  object space 69120K, 61% used [0x00000000c0000000,0x00000000c29aac08,0x00000000c4380000)
 PSPermGen       total 21504K, used 6423K [0x00000000b5a00000, 0x00000000b6f00000, 0x00000000c0000000)
  object space 21504K, 29% used [0x00000000b5a00000,0x00000000b6045e88,0x00000000b6f00000)
Event: 53.992 GC heap after
Heap after GC invocations=13 (full 2):
 PSYoungGen      total 198656K, used 24049K [0x00000000eaa80000, 0x00000000fd900000, 0x0000000100000000)
  eden space 174592K, 0% used [0x00000000eaa80000,0x00000000eaa80000,0x00000000f5500000)
  from space 24064K, 99% used [0x00000000f5500000,0x00000000f6c7c458,0x00000000f6c80000)
  to   space 33792K, 0% used [0x00000000fb800000,0x00000000fb800000,0x00000000fd900000)
 ParOldGen       total 69120K, used 57005K [0x00000000c0000000, 0x00000000c4380000, 0x00000000eaa80000)
  object space 69120K, 82% used [0x00000000c0000000,0x00000000c37ab640,0x00000000c4380000)
 PSPermGen       total 21504K, used 6423K [0x00000000b5a00000, 0x00000000b6f00000, 0x00000000c0000000)
  object space 21504K, 29% used [0x00000000b5a00000,0x00000000b6045e88,0x00000000b6f00000)
}
Event: 53.992 GC heap before
{Heap before GC invocations=14 (full 3):
 PSYoungGen      total 198656K, used 24049K [0x00000000eaa80000, 0x00000000fd900000, 0x0000000100000000)
  eden space 174592K, 0% used [0x00000000eaa80000,0x00000000eaa80000,0x00000000f5500000)
  from space 24064K, 99% used [0x00000000f5500000,0x00000000f6c7c458,0x00000000f6c80000)
  to   space 33792K, 0% used [0x00000000fb800000,0x00000000fb800000,0x00000000fd900000)
 ParOldGen       total 69120K, used 57005K [0x00000000c0000000, 0x00000000c4380000, 0x00000000eaa80000)
  object space 69120K, 82% used [0x00000000c0000000,0x00000000c37ab640,0x00000000c4380000)
 PSPermGen       total 21504K, used 6423K [0x00000000b5a00000, 0x00000000b6f00000, 0x00000000c0000000)
  object space 21504K, 29% used [0x00000000b5a00000,0x00000000b6045e88,0x00000000b6f00000)
Event: 55.312 GC heap after
Heap after GC invocations=14 (full 3):
 PSYoungGen      total 198656K, used 10706K [0x00000000eaa80000, 0x00000000fd900000, 0x0000000100000000)
  eden space 174592K, 0% used [0x00000000eaa80000,0x00000000eaa80000,0x00000000f5500000)
  from space 24064K, 44% used [0x00000000f5500000,0x00000000f5f74a98,0x00000000f6c80000)
  to   space 33792K, 0% used [0x00000000fb800000,0x00000000fb800000,0x00000000fd900000)
 ParOldGen       total 102912K, used 68916K [0x00000000c0000000, 0x00000000c6480000, 0x00000000eaa80000)
  object space 102912K, 66% used [0x00000000c0000000,0x00000000c434d2c8,0x00000000c6480000)
 PSPermGen       total 21504K, used 6422K [0x00000000b5a00000, 0x00000000b6f00000, 0x00000000c0000000)
  object space 21504K, 29% used [0x00000000b5a00000,0x00000000b6045a68,0x00000000b6f00000)
}
Event: 57.631 GC heap before
{Heap before GC invocations=15 (full 3):
 PSYoungGen      total 198656K, used 185298K [0x00000000eaa80000, 0x00000000fd900000, 0x0000000100000000)
  eden space 174592K, 100% used [0x00000000eaa80000,0x00000000f5500000,0x00000000f5500000)
  from space 24064K, 44% used [0x00000000f5500000,0x00000000f5f74a98,0x00000000f6c80000)
  to   space 33792K, 0% used [0x00000000fb800000,0x00000000fb800000,0x00000000fd900000)
 ParOldGen       total 102912K, used 68916K [0x00000000c0000000, 0x00000000c6480000, 0x00000000eaa80000)
  object space 102912K, 66% used [0x00000000c0000000,0x00000000c434d2c8,0x00000000c6480000)
 PSPermGen       total 21504K, used 6429K [0x00000000b5a00000, 0x00000000b6f00000, 0x00000000c0000000)
  object space 21504K, 29% used [0x00000000b5a00000,0x00000000b60474c0,0x00000000b6f00000)
Event: 58.344 GC heap after
Heap after GC invocations=15 (full 3):
 PSYoungGen      total 265728K, used 14459K [0x00000000eaa80000, 0x00000000fd300000, 0x0000000100000000)
  eden space 238080K, 0% used [0x00000000eaa80000,0x00000000eaa80000,0x00000000f9300000)
  from space 27648K, 52% used [0x00000000fb800000,0x00000000fc61ecc0,0x00000000fd300000)
  to   space 32768K, 0% used [0x00000000f9300000,0x00000000f9300000,0x00000000fb300000)
 ParOldGen       total 102912K, used 79736K [0x00000000c0000000, 0x00000000c6480000, 0x00000000eaa80000)
  object space 102912K, 77% used [0x00000000c0000000,0x00000000c4dde398,0x00000000c6480000)
 PSPermGen       total 21504K, used 6429K [0x00000000b5a00000, 0x00000000b6f00000, 0x00000000c0000000)
  object space 21504K, 29% used [0x00000000b5a00000,0x00000000b60474c0,0x00000000b6f00000)
}
Event: 66.428 GC heap before
{Heap before GC invocations=16 (full 3):
 PSYoungGen      total 265728K, used 252539K [0x00000000eaa80000, 0x00000000fd300000, 0x0000000100000000)
  eden space 238080K, 100% used [0x00000000eaa80000,0x00000000f9300000,0x00000000f9300000)
  from space 27648K, 52% used [0x00000000fb800000,0x00000000fc61ecc0,0x00000000fd300000)
  to   space 32768K, 0% used [0x00000000f9300000,0x00000000f9300000,0x00000000fb300000)
 ParOldGen       total 102912K, used 79736K [0x00000000c0000000, 0x00000000c6480000, 0x00000000eaa80000)
  object space 102912K, 77% used [0x00000000c0000000,0x00000000c4dde398,0x00000000c6480000)
 PSPermGen       total 21504K, used 6449K [0x00000000b5a00000, 0x00000000b6f00000, 0x00000000c0000000)
  object space 21504K, 29% used [0x00000000b5a00000,0x00000000b604c468,0x00000000b6f00000)

