# JRE version: OpenJDK Runtime Environment (7.0_91-b02) (build 1.7.0_91-b02)
# Java VM: OpenJDK 64-Bit Server VM (24.91-b01 mixed mode linux-amd64 compressed oops)
Heap
 PSYoungGen      total 237568K, used 24154K [0x00000007aaa80000, 0x00000007bae00000, 0x0000000800000000)
  eden space 209408K, 0% used [0x00000007aaa80000,0x00000007aaa80000,0x00000007b7700000)
  from space 28160K, 85% used [0x00000007b7700000,0x00000007b8e96a80,0x00000007b9280000)
  to   space 27648K, 0% used [0x00000007b9300000,0x00000007b9300000,0x00000007bae00000)
 ParOldGen       total 124416K, used 88892K [0x0000000700000000, 0x0000000707980000, 0x00000007aaa80000)
  object space 124416K, 71% used [0x0000000700000000,0x00000007056cf2a0,0x0000000707980000)
 PSPermGen       total 21504K, used 6447K [0x00000006f5a00000, 0x00000006f6f00000, 0x0000000700000000)
  object space 21504K, 29% used [0x00000006f5a00000,0x00000006f604bd78,0x00000006f6f00000)
GC Heap History (10 events):
Event: 28.339 GC heap after
Heap after GC invocations=11 (full 1):
 PSYoungGen      total 175616K, used 15848K [0x00000007aaa80000, 0x00000007b7e00000, 0x0000000800000000)
  eden space 159744K, 0% used [0x00000007aaa80000,0x00000007aaa80000,0x00000007b4680000)
  from space 15872K, 99% used [0x00000007b5e00000,0x00000007b6d7a0b8,0x00000007b6d80000)
  to   space 24064K, 0% used [0x00000007b4680000,0x00000007b4680000,0x00000007b5e00000)
 ParOldGen       total 41472K, used 41296K [0x0000000700000000, 0x0000000702880000, 0x00000007aaa80000)
  object space 41472K, 99% used [0x0000000700000000,0x0000000702854088,0x0000000702880000)
 PSPermGen       total 21504K, used 6392K [0x00000006f5a00000, 0x00000006f6f00000, 0x0000000700000000)
  object space 21504K, 29% used [0x00000006f5a00000,0x00000006f603e208,0x00000006f6f00000)
}
Event: 28.339 GC heap before
{Heap before GC invocations=12 (full 2):
 PSYoungGen      total 175616K, used 15848K [0x00000007aaa80000, 0x00000007b7e00000, 0x0000000800000000)
  eden space 159744K, 0% used [0x00000007aaa80000,0x00000007aaa80000,0x00000007b4680000)
  from space 15872K, 99% used [0x00000007b5e00000,0x00000007b6d7a0b8,0x00000007b6d80000)
  to   space 24064K, 0% used [0x00000007b4680000,0x00000007b4680000,0x00000007b5e00000)
 ParOldGen       total 41472K, used 41296K [0x0000000700000000, 0x0000000702880000, 0x00000007aaa80000)
  object space 41472K, 99% used [0x0000000700000000,0x0000000702854088,0x0000000702880000)
 PSPermGen       total 21504K, used 6392K [0x00000006f5a00000, 0x00000006f6f00000, 0x0000000700000000)
  object space 21504K, 29% used [0x00000006f5a00000,0x00000006f603e208,0x00000006f6f00000)
Event: 29.606 GC heap after
Heap after GC invocations=12 (full 2):
 PSYoungGen      total 175616K, used 14245K [0x00000007aaa80000, 0x00000007b7e00000, 0x0000000800000000)
  eden space 159744K, 0% used [0x00000007aaa80000,0x00000007aaa80000,0x00000007b4680000)
  from space 15872K, 89% used [0x00000007b5e00000,0x00000007b6be9520,0x00000007b6d80000)
  to   space 24064K, 0% used [0x00000007b4680000,0x00000007b4680000,0x00000007b5e00000)
 ParOldGen       total 72192K, used 41392K [0x0000000700000000, 0x0000000704680000, 0x00000007aaa80000)
  object space 72192K, 57% used [0x0000000700000000,0x000000070286c210,0x0000000704680000)
 PSPermGen       total 21504K, used 6391K [0x00000006f5a00000, 0x00000006f6f00000, 0x0000000700000000)
  object space 21504K, 29% used [0x00000006f5a00000,0x00000006f603dc48,0x00000006f6f00000)
}
Event: 35.003 GC heap before
{Heap before GC invocations=13 (full 2):
 PSYoungGen      total 175616K, used 173989K [0x00000007aaa80000, 0x00000007b7e00000, 0x0000000800000000)
  eden space 159744K, 100% used [0x00000007aaa80000,0x00000007b4680000,0x00000007b4680000)
  from space 15872K, 89% used [0x00000007b5e00000,0x00000007b6be9520,0x00000007b6d80000)
  to   space 24064K, 0% used [0x00000007b4680000,0x00000007b4680000,0x00000007b5e00000)
 ParOldGen       total 72192K, used 41392K [0x0000000700000000, 0x0000000704680000, 0x00000007aaa80000)
  object space 72192K, 57% used [0x0000000700000000,0x000000070286c210,0x0000000704680000)
 PSPermGen       total 21504K, used 6419K [0x00000006f5a00000, 0x00000006f6f00000, 0x0000000700000000)
  object space 21504K, 29% used [0x00000006f5a00000,0x00000006f6044f60,0x00000006f6f00000)
Event: 36.568 GC heap after
Heap after GC invocations=13 (full 2):
 PSYoungGen      total 183808K, used 23523K [0x00000007aaa80000, 0x00000007baf00000, 0x0000000800000000)
  eden space 159744K, 0% used [0x00000007aaa80000,0x00000007aaa80000,0x00000007b4680000)
  from space 24064K, 97% used [0x00000007b4680000,0x00000007b5d78e40,0x00000007b5e00000)
  to   space 28672K, 0% used [0x00000007b9300000,0x00000007b9300000,0x00000007baf00000)
 ParOldGen       total 72192K, used 55748K [0x0000000700000000, 0x0000000704680000, 0x00000007aaa80000)
  object space 72192K, 77% used [0x0000000700000000,0x00000007036710a0,0x0000000704680000)
 PSPermGen       total 21504K, used 6419K [0x00000006f5a00000, 0x00000006f6f00000, 0x0000000700000000)
  object space 21504K, 29% used [0x00000006f5a00000,0x00000006f6044f60,0x00000006f6f00000)
}
Event: 39.388 GC heap before
{Heap before GC invocations=14 (full 2):
 PSYoungGen      total 183808K, used 183267K [0x00000007aaa80000, 0x00000007baf00000, 0x0000000800000000)
  eden space 159744K, 100% used [0x00000007aaa80000,0x00000007b4680000,0x00000007b4680000)
  from space 24064K, 97% used [0x00000007b4680000,0x00000007b5d78e40,0x00000007b5e00000)
  to   space 28672K, 0% used [0x00000007b9300000,0x00000007b9300000,0x00000007baf00000)
 ParOldGen       total 72192K, used 55748K [0x0000000700000000, 0x0000000704680000, 0x00000007aaa80000)
  object space 72192K, 77% used [0x0000000700000000,0x00000007036710a0,0x0000000704680000)
 PSPermGen       total 21504K, used 6432K [0x00000006f5a00000, 0x00000006f6f00000, 0x0000000700000000)
  object space 21504K, 29% used [0x00000006f5a00000,0x00000006f6048020,0x00000006f6f00000)
Event: 39.617 GC heap after
Heap after GC invocations=14 (full 2):
 PSYoungGen      total 237056K, used 14002K [0x00000007aaa80000, 0x00000007bae00000, 0x0000000800000000)
  eden space 209408K, 0% used [0x00000007aaa80000,0x00000007aaa80000,0x00000007b7700000)
  from space 27648K, 50% used [0x00000007b9300000,0x00000007ba0ac870,0x00000007bae00000)
  to   space 28160K, 0% used [0x00000007b7700000,0x00000007b7700000,0x00000007b9280000)
 ParOldGen       total 78848K, used 78452K [0x0000000700000000, 0x0000000704d00000, 0x00000007aaa80000)
  object space 78848K, 99% used [0x0000000700000000,0x0000000704c9d068,0x0000000704d00000)
 PSPermGen       total 21504K, used 6432K [0x00000006f5a00000, 0x00000006f6f00000, 0x0000000700000000)
  object space 21504K, 29% used [0x00000006f5a00000,0x00000006f6048020,0x00000006f6f00000)
}
Event: 39.617 GC heap before
{Heap before GC invocations=15 (full 3):
 PSYoungGen      total 237056K, used 14002K [0x00000007aaa80000, 0x00000007bae00000, 0x0000000800000000)
  eden space 209408K, 0% used [0x00000007aaa80000,0x00000007aaa80000,0x00000007b7700000)
  from space 27648K, 50% used [0x00000007b9300000,0x00000007ba0ac870,0x00000007bae00000)
  to   space 28160K, 0% used [0x00000007b7700000,0x00000007b7700000,0x00000007b9280000)
 ParOldGen       total 78848K, used 78452K [0x0000000700000000, 0x0000000704d00000, 0x00000007aaa80000)
  object space 78848K, 99% used [0x0000000700000000,0x0000000704c9d068,0x0000000704d00000)
 PSPermGen       total 21504K, used 6432K [0x00000006f5a00000, 0x00000006f6f00000, 0x0000000700000000)
  object space 21504K, 29% used [0x00000006f5a00000,0x00000006f6048020,0x00000006f6f00000)
Event: 40.831 GC heap after
Heap after GC invocations=15 (full 3):
 PSYoungGen      total 237056K, used 10828K [0x00000007aaa80000, 0x00000007bae00000, 0x0000000800000000)
  eden space 209408K, 0% used [0x00000007aaa80000,0x00000007aaa80000,0x00000007b7700000)
  from space 27648K, 39% used [0x00000007b9300000,0x00000007b9d93358,0x00000007bae00000)
  to   space 28160K, 0% used [0x00000007b7700000,0x00000007b7700000,0x00000007b9280000)
 ParOldGen       total 124416K, used 78358K [0x0000000700000000, 0x0000000707980000, 0x00000007aaa80000)
  object space 124416K, 62% used [0x0000000700000000,0x0000000704c85948,0x0000000707980000)
 PSPermGen       total 21504K, used 6431K [0x00000006f5a00000, 0x00000006f6f00000, 0x0000000700000000)
  object space 21504K, 29% used [0x00000006f5a00000,0x00000006f6047c60,0x00000006f6f00000)
}
Event: 44.992 GC heap before
{Heap before GC invocations=16 (full 3):
 PSYoungGen      total 237056K, used 220236K [0x00000007aaa80000, 0x00000007bae00000, 0x0000000800000000)
  eden space 209408K, 100% used [0x00000007aaa80000,0x00000007b7700000,0x00000007b7700000)
  from space 27648K, 39% used [0x00000007b9300000,0x00000007b9d93358,0x00000007bae00000)
  to   space 28160K, 0% used [0x00000007b7700000,0x00000007b7700000,0x00000007b9280000)
 ParOldGen       total 124416K, used 78358K [0x0000000700000000, 0x0000000707980000, 0x00000007aaa80000)
  object space 124416K, 62% used [0x0000000700000000,0x0000000704c85948,0x0000000707980000)
 PSPermGen       total 21504K, used 6447K [0x00000006f5a00000, 0x00000006f6f00000, 0x0000000700000000)
  object space 21504K, 29% used [0x00000006f5a00000,0x00000006f604bd78,0x00000006f6f00000)

