# JRE version: OpenJDK Runtime Environment (7.0_91-b02) (build 1.7.0_91-b02)
# Java VM: OpenJDK 64-Bit Server VM (24.91-b01 mixed mode linux-amd64 compressed oops)
Heap
 PSYoungGen      total 291328K, used 35320K [0x00000007aaa80000, 0x00000007bf000000, 0x0000000800000000)
  eden space 256000K, 0% used [0x00000007aaa80000,0x00000007aaa80000,0x00000007ba480000)
  from space 35328K, 99% used [0x00000007ba480000,0x00000007bc6fe020,0x00000007bc700000)
  to   space 37888K, 0% used [0x00000007bc700000,0x00000007bc700000,0x00000007bec00000)
 ParOldGen       total 134144K, used 94978K [0x0000000700000000, 0x0000000708300000, 0x00000007aaa80000)
  object space 134144K, 70% used [0x0000000700000000,0x0000000705cc08a8,0x0000000708300000)
 PSPermGen       total 21504K, used 6456K [0x00000006f5a00000, 0x00000006f6f00000, 0x0000000700000000)
  object space 21504K, 30% used [0x00000006f5a00000,0x00000006f604e130,0x00000006f6f00000)
GC Heap History (10 events):
Event: 32.346 GC heap after
Heap after GC invocations=11 (full 1):
 PSYoungGen      total 199168K, used 18918K [0x00000007aaa80000, 0x00000007b9700000, 0x0000000800000000)
  eden space 180224K, 0% used [0x00000007aaa80000,0x00000007aaa80000,0x00000007b5a80000)
  from space 18944K, 99% used [0x00000007b8480000,0x00000007b96f98d0,0x00000007b9700000)
  to   space 26112K, 0% used [0x00000007b6400000,0x00000007b6400000,0x00000007b7d80000)
 ParOldGen       total 51712K, used 39086K [0x0000000700000000, 0x0000000703280000, 0x00000007aaa80000)
  object space 51712K, 75% used [0x0000000700000000,0x000000070262b998,0x0000000703280000)
 PSPermGen       total 21504K, used 6399K [0x00000006f5a00000, 0x00000006f6f00000, 0x0000000700000000)
  object space 21504K, 29% used [0x00000006f5a00000,0x00000006f603fec8,0x00000006f6f00000)
}
Event: 39.862 GC heap before
{Heap before GC invocations=12 (full 1):
 PSYoungGen      total 199168K, used 199142K [0x00000007aaa80000, 0x00000007b9700000, 0x0000000800000000)
  eden space 180224K, 100% used [0x00000007aaa80000,0x00000007b5a80000,0x00000007b5a80000)
  from space 18944K, 99% used [0x00000007b8480000,0x00000007b96f98d0,0x00000007b9700000)
  to   space 26112K, 0% used [0x00000007b6400000,0x00000007b6400000,0x00000007b7d80000)
 ParOldGen       total 51712K, used 39086K [0x0000000700000000, 0x0000000703280000, 0x00000007aaa80000)
  object space 51712K, 75% used [0x0000000700000000,0x000000070262b998,0x0000000703280000)
 PSPermGen       total 21504K, used 6427K [0x00000006f5a00000, 0x00000006f6f00000, 0x0000000700000000)
  object space 21504K, 29% used [0x00000006f5a00000,0x00000006f6046e80,0x00000006f6f00000)
Event: 40.579 GC heap after
Heap after GC invocations=12 (full 1):
 PSYoungGen      total 216064K, used 26102K [0x00000007aaa80000, 0x00000007bec00000, 0x0000000800000000)
  eden space 189952K, 0% used [0x00000007aaa80000,0x00000007aaa80000,0x00000007b6400000)
  from space 26112K, 99% used [0x00000007b6400000,0x00000007b7d7d820,0x00000007b7d80000)
  to   space 37888K, 0% used [0x00000007bc700000,0x00000007bc700000,0x00000007bec00000)
 ParOldGen       total 58368K, used 58017K [0x0000000700000000, 0x0000000703900000, 0x00000007aaa80000)
  object space 58368K, 99% used [0x0000000700000000,0x00000007038a8628,0x0000000703900000)
 PSPermGen       total 21504K, used 6427K [0x00000006f5a00000, 0x00000006f6f00000, 0x0000000700000000)
  object space 21504K, 29% used [0x00000006f5a00000,0x00000006f6046e80,0x00000006f6f00000)
}
Event: 40.579 GC heap before
{Heap before GC invocations=13 (full 2):
 PSYoungGen      total 216064K, used 26102K [0x00000007aaa80000, 0x00000007bec00000, 0x0000000800000000)
  eden space 189952K, 0% used [0x00000007aaa80000,0x00000007aaa80000,0x00000007b6400000)
  from space 26112K, 99% used [0x00000007b6400000,0x00000007b7d7d820,0x00000007b7d80000)
  to   space 37888K, 0% used [0x00000007bc700000,0x00000007bc700000,0x00000007bec00000)
 ParOldGen       total 58368K, used 58017K [0x0000000700000000, 0x0000000703900000, 0x00000007aaa80000)
  object space 58368K, 99% used [0x0000000700000000,0x00000007038a8628,0x0000000703900000)
 PSPermGen       total 21504K, used 6427K [0x00000006f5a00000, 0x00000006f6f00000, 0x0000000700000000)
  object space 21504K, 29% used [0x00000006f5a00000,0x00000006f6046e80,0x00000006f6f00000)
Event: 41.998 GC heap after
Heap after GC invocations=13 (full 2):
 PSYoungGen      total 216064K, used 22394K [0x00000007aaa80000, 0x00000007bec00000, 0x0000000800000000)
  eden space 189952K, 0% used [0x00000007aaa80000,0x00000007aaa80000,0x00000007b6400000)
  from space 26112K, 85% used [0x00000007b6400000,0x00000007b79deae8,0x00000007b7d80000)
  to   space 37888K, 0% used [0x00000007bc700000,0x00000007bc700000,0x00000007bec00000)
 ParOldGen       total 91136K, used 58166K [0x0000000700000000, 0x0000000705900000, 0x00000007aaa80000)
  object space 91136K, 63% used [0x0000000700000000,0x00000007038cd838,0x0000000705900000)
 PSPermGen       total 21504K, used 6425K [0x00000006f5a00000, 0x00000006f6f00000, 0x0000000700000000)
  object space 21504K, 29% used [0x00000006f5a00000,0x00000006f6046780,0x00000006f6f00000)
}
Event: 44.622 GC heap before
{Heap before GC invocations=14 (full 2):
 PSYoungGen      total 216064K, used 212346K [0x00000007aaa80000, 0x00000007bec00000, 0x0000000800000000)
  eden space 189952K, 100% used [0x00000007aaa80000,0x00000007b6400000,0x00000007b6400000)
  from space 26112K, 85% used [0x00000007b6400000,0x00000007b79deae8,0x00000007b7d80000)
  to   space 37888K, 0% used [0x00000007bc700000,0x00000007bc700000,0x00000007bec00000)
 ParOldGen       total 91136K, used 58166K [0x0000000700000000, 0x0000000705900000, 0x00000007aaa80000)
  object space 91136K, 63% used [0x0000000700000000,0x00000007038cd838,0x0000000705900000)
 PSPermGen       total 21504K, used 6431K [0x00000006f5a00000, 0x00000006f6f00000, 0x0000000700000000)
  object space 21504K, 29% used [0x00000006f5a00000,0x00000006f6047e98,0x00000006f6f00000)
Event: 45.262 GC heap after
Heap after GC invocations=14 (full 2):
 PSYoungGen      total 293888K, used 12831K [0x00000007aaa80000, 0x00000007bf000000, 0x0000000800000000)
  eden space 256000K, 0% used [0x00000007aaa80000,0x00000007aaa80000,0x00000007ba480000)
  from space 37888K, 33% used [0x00000007bc700000,0x00000007bd387d18,0x00000007bec00000)
  to   space 35328K, 0% used [0x00000007ba480000,0x00000007ba480000,0x00000007bc700000)
 ParOldGen       total 91136K, used 80528K [0x0000000700000000, 0x0000000705900000, 0x00000007aaa80000)
  object space 91136K, 88% used [0x0000000700000000,0x0000000704ea4160,0x0000000705900000)
 PSPermGen       total 21504K, used 6431K [0x00000006f5a00000, 0x00000006f6f00000, 0x0000000700000000)
  object space 21504K, 29% used [0x00000006f5a00000,0x00000006f6047e98,0x00000006f6f00000)
}
Event: 45.262 GC heap before
{Heap before GC invocations=15 (full 3):
 PSYoungGen      total 293888K, used 12831K [0x00000007aaa80000, 0x00000007bf000000, 0x0000000800000000)
  eden space 256000K, 0% used [0x00000007aaa80000,0x00000007aaa80000,0x00000007ba480000)
  from space 37888K, 33% used [0x00000007bc700000,0x00000007bd387d18,0x00000007bec00000)
  to   space 35328K, 0% used [0x00000007ba480000,0x00000007ba480000,0x00000007bc700000)
 ParOldGen       total 91136K, used 80528K [0x0000000700000000, 0x0000000705900000, 0x00000007aaa80000)
  object space 91136K, 88% used [0x0000000700000000,0x0000000704ea4160,0x0000000705900000)
 PSPermGen       total 21504K, used 6431K [0x00000006f5a00000, 0x00000006f6f00000, 0x0000000700000000)
  object space 21504K, 29% used [0x00000006f5a00000,0x00000006f6047e98,0x00000006f6f00000)
Event: 46.093 GC heap after
Heap after GC invocations=15 (full 3):
 PSYoungGen      total 293888K, used 0K [0x00000007aaa80000, 0x00000007bf000000, 0x0000000800000000)
  eden space 256000K, 0% used [0x00000007aaa80000,0x00000007aaa80000,0x00000007ba480000)
  from space 37888K, 0% used [0x00000007bc700000,0x00000007bc700000,0x00000007bec00000)
  to   space 35328K, 0% used [0x00000007ba480000,0x00000007ba480000,0x00000007bc700000)
 ParOldGen       total 134144K, used 90644K [0x0000000700000000, 0x0000000708300000, 0x00000007aaa80000)
  object space 134144K, 67% used [0x0000000700000000,0x0000000705885150,0x0000000708300000)
 PSPermGen       total 21504K, used 6431K [0x00000006f5a00000, 0x00000006f6f00000, 0x0000000700000000)
  object space 21504K, 29% used [0x00000006f5a00000,0x00000006f6047e78,0x00000006f6f00000)
}
Event: 53.759 GC heap before
{Heap before GC invocations=16 (full 3):
 PSYoungGen      total 293888K, used 256000K [0x00000007aaa80000, 0x00000007bf000000, 0x0000000800000000)
  eden space 256000K, 100% used [0x00000007aaa80000,0x00000007ba480000,0x00000007ba480000)
  from space 37888K, 0% used [0x00000007bc700000,0x00000007bc700000,0x00000007bec00000)
  to   space 35328K, 0% used [0x00000007ba480000,0x00000007ba480000,0x00000007bc700000)
 ParOldGen       total 134144K, used 90644K [0x0000000700000000, 0x0000000708300000, 0x00000007aaa80000)
  object space 134144K, 67% used [0x0000000700000000,0x0000000705885150,0x0000000708300000)
 PSPermGen       total 21504K, used 6456K [0x00000006f5a00000, 0x00000006f6f00000, 0x0000000700000000)
  object space 21504K, 30% used [0x00000006f5a00000,0x00000006f604e130,0x00000006f6f00000)

