# JRE version: OpenJDK Runtime Environment (7.0_91-b02) (build 1.7.0_91-b02)
# Java VM: OpenJDK 64-Bit Server VM (24.91-b01 mixed mode linux-amd64 compressed oops)
Heap
 PSYoungGen      total 198656K, used 24545K [0x00000007aaa80000, 0x00000007b8a80000, 0x0000000800000000)
  eden space 174080K, 0% used [0x00000007aaa80000,0x00000007aaa80000,0x00000007b5480000)
  from space 24576K, 99% used [0x00000007b5480000,0x00000007b6c784f0,0x00000007b6c80000)
  to   space 15872K, 0% used [0x00000007b6c80000,0x00000007b6c80000,0x00000007b7c00000)
 ParOldGen       total 69120K, used 57141K [0x0000000700000000, 0x0000000704380000, 0x00000007aaa80000)
  object space 69120K, 82% used [0x0000000700000000,0x00000007037cd668,0x0000000704380000)
 PSPermGen       total 21504K, used 6426K [0x00000006f5a00000, 0x00000006f6f00000, 0x0000000700000000)
  object space 21504K, 29% used [0x00000006f5a00000,0x00000006f6046a38,0x00000006f6f00000)
GC Heap History (10 events):
Event: 11.828 GC heap after
Heap after GC invocations=8 (full 0):
 PSYoungGen      total 134656K, used 7152K [0x00000007aaa80000, 0x00000007b3f80000, 0x0000000800000000)
  eden space 127488K, 0% used [0x00000007aaa80000,0x00000007aaa80000,0x00000007b2700000)
  from space 7168K, 99% used [0x00000007b3180000,0x00000007b387c010,0x00000007b3880000)
  to   space 10752K, 0% used [0x00000007b2700000,0x00000007b2700000,0x00000007b3180000)
 ParOldGen       total 20480K, used 15185K [0x0000000700000000, 0x0000000701400000, 0x00000007aaa80000)
  object space 20480K, 74% used [0x0000000700000000,0x0000000700ed45b8,0x0000000701400000)
 PSPermGen       total 21504K, used 6267K [0x00000006f5a00000, 0x00000006f6f00000, 0x0000000700000000)
  object space 21504K, 29% used [0x00000006f5a00000,0x00000006f601ecd8,0x00000006f6f00000)
}
Event: 11.828 GC heap before
{Heap before GC invocations=9 (full 1):
 PSYoungGen      total 134656K, used 7152K [0x00000007aaa80000, 0x00000007b3f80000, 0x0000000800000000)
  eden space 127488K, 0% used [0x00000007aaa80000,0x00000007aaa80000,0x00000007b2700000)
  from space 7168K, 99% used [0x00000007b3180000,0x00000007b387c010,0x00000007b3880000)
  to   space 10752K, 0% used [0x00000007b2700000,0x00000007b2700000,0x00000007b3180000)
 ParOldGen       total 20480K, used 15185K [0x0000000700000000, 0x0000000701400000, 0x00000007aaa80000)
  object space 20480K, 74% used [0x0000000700000000,0x0000000700ed45b8,0x0000000701400000)
 PSPermGen       total 21504K, used 6267K [0x00000006f5a00000, 0x00000006f6f00000, 0x0000000700000000)
  object space 21504K, 29% used [0x00000006f5a00000,0x00000006f601ecd8,0x00000006f6f00000)
Event: 12.409 GC heap after
Heap after GC invocations=9 (full 1):
 PSYoungGen      total 134656K, used 0K [0x00000007aaa80000, 0x00000007b3f80000, 0x0000000800000000)
  eden space 127488K, 0% used [0x00000007aaa80000,0x00000007aaa80000,0x00000007b2700000)
  from space 7168K, 0% used [0x00000007b3180000,0x00000007b3180000,0x00000007b3880000)
  to   space 10752K, 0% used [0x00000007b2700000,0x00000007b2700000,0x00000007b3180000)
 ParOldGen       total 36864K, used 19859K [0x0000000700000000, 0x0000000702400000, 0x00000007aaa80000)
  object space 36864K, 53% used [0x0000000700000000,0x0000000701364e38,0x0000000702400000)
 PSPermGen       total 21504K, used 6265K [0x00000006f5a00000, 0x00000006f6f00000, 0x0000000700000000)
  object space 21504K, 29% used [0x00000006f5a00000,0x00000006f601e428,0x00000006f6f00000)
}
Event: 22.375 GC heap before
{Heap before GC invocations=10 (full 1):
 PSYoungGen      total 134656K, used 127488K [0x00000007aaa80000, 0x00000007b3f80000, 0x0000000800000000)
  eden space 127488K, 100% used [0x00000007aaa80000,0x00000007b2700000,0x00000007b2700000)
  from space 7168K, 0% used [0x00000007b3180000,0x00000007b3180000,0x00000007b3880000)
  to   space 10752K, 0% used [0x00000007b2700000,0x00000007b2700000,0x00000007b3180000)
 ParOldGen       total 36864K, used 19859K [0x0000000700000000, 0x0000000702400000, 0x00000007aaa80000)
  object space 36864K, 53% used [0x0000000700000000,0x0000000701364e38,0x0000000702400000)
 PSPermGen       total 21504K, used 6336K [0x00000006f5a00000, 0x00000006f6f00000, 0x0000000700000000)
  object space 21504K, 29% used [0x00000006f5a00000,0x00000006f60302c8,0x00000006f6f00000)
Event: 22.597 GC heap after
Heap after GC invocations=10 (full 1):
 PSYoungGen      total 138240K, used 10740K [0x00000007aaa80000, 0x00000007b7c00000, 0x0000000800000000)
  eden space 127488K, 0% used [0x00000007aaa80000,0x00000007aaa80000,0x00000007b2700000)
  from space 10752K, 99% used [0x00000007b2700000,0x00000007b317d1a0,0x00000007b3180000)
  to   space 15872K, 0% used [0x00000007b6c80000,0x00000007b6c80000,0x00000007b7c00000)
 ParOldGen       total 36864K, used 26759K [0x0000000700000000, 0x0000000702400000, 0x00000007aaa80000)
  object space 36864K, 72% used [0x0000000700000000,0x0000000701a21ea0,0x0000000702400000)
 PSPermGen       total 21504K, used 6336K [0x00000006f5a00000, 0x00000006f6f00000, 0x0000000700000000)
  object space 21504K, 29% used [0x00000006f5a00000,0x00000006f60302c8,0x00000006f6f00000)
}
Event: 28.232 GC heap before
{Heap before GC invocations=11 (full 1):
 PSYoungGen      total 138240K, used 138228K [0x00000007aaa80000, 0x00000007b7c00000, 0x0000000800000000)
  eden space 127488K, 100% used [0x00000007aaa80000,0x00000007b2700000,0x00000007b2700000)
  from space 10752K, 99% used [0x00000007b2700000,0x00000007b317d1a0,0x00000007b3180000)
  to   space 15872K, 0% used [0x00000007b6c80000,0x00000007b6c80000,0x00000007b7c00000)
 ParOldGen       total 36864K, used 26759K [0x0000000700000000, 0x0000000702400000, 0x00000007aaa80000)
  object space 36864K, 72% used [0x0000000700000000,0x0000000701a21ea0,0x0000000702400000)
 PSPermGen       total 21504K, used 6394K [0x00000006f5a00000, 0x00000006f6f00000, 0x0000000700000000)
  object space 21504K, 29% used [0x00000006f5a00000,0x00000006f603ebc0,0x00000006f6f00000)
Event: 28.541 GC heap after
Heap after GC invocations=11 (full 1):
 PSYoungGen      total 189952K, used 15861K [0x00000007aaa80000, 0x00000007b8a80000, 0x0000000800000000)
  eden space 174080K, 0% used [0x00000007aaa80000,0x00000007aaa80000,0x00000007b5480000)
  from space 15872K, 99% used [0x00000007b6c80000,0x00000007b7bfd5b0,0x00000007b7c00000)
  to   space 24576K, 0% used [0x00000007b5480000,0x00000007b5480000,0x00000007b6c80000)
 ParOldGen       total 42496K, used 42468K [0x0000000700000000, 0x0000000702980000, 0x00000007aaa80000)
  object space 42496K, 99% used [0x0000000700000000,0x0000000702979388,0x0000000702980000)
 PSPermGen       total 21504K, used 6394K [0x00000006f5a00000, 0x00000006f6f00000, 0x0000000700000000)
  object space 21504K, 29% used [0x00000006f5a00000,0x00000006f603ebc0,0x00000006f6f00000)
}
Event: 28.542 GC heap before
{Heap before GC invocations=12 (full 2):
 PSYoungGen      total 189952K, used 15861K [0x00000007aaa80000, 0x00000007b8a80000, 0x0000000800000000)
  eden space 174080K, 0% used [0x00000007aaa80000,0x00000007aaa80000,0x00000007b5480000)
  from space 15872K, 99% used [0x00000007b6c80000,0x00000007b7bfd5b0,0x00000007b7c00000)
  to   space 24576K, 0% used [0x00000007b5480000,0x00000007b5480000,0x00000007b6c80000)
 ParOldGen       total 42496K, used 42468K [0x0000000700000000, 0x0000000702980000, 0x00000007aaa80000)
  object space 42496K, 99% used [0x0000000700000000,0x0000000702979388,0x0000000702980000)
 PSPermGen       total 21504K, used 6394K [0x00000006f5a00000, 0x00000006f6f00000, 0x0000000700000000)
  object space 21504K, 29% used [0x00000006f5a00000,0x00000006f603ebc0,0x00000006f6f00000)
Event: 29.698 GC heap after
Heap after GC invocations=12 (full 2):
 PSYoungGen      total 189952K, used 14177K [0x00000007aaa80000, 0x00000007b8a80000, 0x0000000800000000)
  eden space 174080K, 0% used [0x00000007aaa80000,0x00000007aaa80000,0x00000007b5480000)
  from space 15872K, 89% used [0x00000007b6c80000,0x00000007b7a58648,0x00000007b7c00000)
  to   space 24576K, 0% used [0x00000007b5480000,0x00000007b5480000,0x00000007b6c80000)
 ParOldGen       total 69120K, used 42257K [0x0000000700000000, 0x0000000704380000, 0x00000007aaa80000)
  object space 69120K, 61% used [0x0000000700000000,0x00000007029446a0,0x0000000704380000)
 PSPermGen       total 21504K, used 6393K [0x00000006f5a00000, 0x00000006f6f00000, 0x0000000700000000)
  object space 21504K, 29% used [0x00000006f5a00000,0x00000006f603e720,0x00000006f6f00000)
}
Event: 35.821 GC heap before
{Heap before GC invocations=13 (full 2):
 PSYoungGen      total 189952K, used 188257K [0x00000007aaa80000, 0x00000007b8a80000, 0x0000000800000000)
  eden space 174080K, 100% used [0x00000007aaa80000,0x00000007b5480000,0x00000007b5480000)
  from space 15872K, 89% used [0x00000007b6c80000,0x00000007b7a58648,0x00000007b7c00000)
  to   space 24576K, 0% used [0x00000007b5480000,0x00000007b5480000,0x00000007b6c80000)
 ParOldGen       total 69120K, used 42257K [0x0000000700000000, 0x0000000704380000, 0x00000007aaa80000)
  object space 69120K, 61% used [0x0000000700000000,0x00000007029446a0,0x0000000704380000)
 PSPermGen       total 21504K, used 6426K [0x00000006f5a00000, 0x00000006f6f00000, 0x0000000700000000)
  object space 21504K, 29% used [0x00000006f5a00000,0x00000006f6046a38,0x00000006f6f00000)

