# JRE version: OpenJDK Runtime Environment (7.0_91-b02) (build 1.7.0_91-b02)
# Java VM: OpenJDK 64-Bit Server VM (24.91-b01 mixed mode linux-amd64 compressed oops)
Heap
 PSYoungGen      total 180224K, used 10208K [0x00000000eaa80000, 0x00000000f7600000, 0x0000000100000000)
  eden space 169984K, 0% used [0x00000000eaa80000,0x00000000eaa80000,0x00000000f5080000)
  from space 10240K, 99% used [0x00000000f5080000,0x00000000f5a780a0,0x00000000f5a80000)
  to   space 7168K, 0% used [0x00000000f5a80000,0x00000000f5a80000,0x00000000f6180000)
 ParOldGen       total 42496K, used 34966K [0x00000000c0000000, 0x00000000c2980000, 0x00000000eaa80000)
  object space 42496K, 82% used [0x00000000c0000000,0x00000000c2225840,0x00000000c2980000)
 PSPermGen       total 21504K, used 5489K [0x00000000b5a00000, 0x00000000b6f00000, 0x00000000c0000000)
  object space 21504K, 25% used [0x00000000b5a00000,0x00000000b5f5c760,0x00000000b6f00000)
GC Heap History (10 events):
Event: 5.384 GC heap after
Heap after GC invocations=8 (full 1):
 PSYoungGen      total 70656K, used 0K [0x00000000eaa80000, 0x00000000f3580000, 0x0000000100000000)
  eden space 64000K, 0% used [0x00000000eaa80000,0x00000000eaa80000,0x00000000ee900000)
  from space 6656K, 0% used [0x00000000ee900000,0x00000000ee900000,0x00000000eef80000)
  to   space 7168K, 0% used [0x00000000f2e80000,0x00000000f2e80000,0x00000000f3580000)
 ParOldGen       total 30720K, used 14517K [0x00000000c0000000, 0x00000000c1e00000, 0x00000000eaa80000)
  object space 30720K, 47% used [0x00000000c0000000,0x00000000c0e2d650,0x00000000c1e00000)
 PSPermGen       total 21504K, used 5471K [0x00000000b5a00000, 0x00000000b6f00000, 0x00000000c0000000)
  object space 21504K, 25% used [0x00000000b5a00000,0x00000000b5f57fe8,0x00000000b6f00000)
}
Event: 6.192 GC heap before
{Heap before GC invocations=9 (full 1):
 PSYoungGen      total 70656K, used 64000K [0x00000000eaa80000, 0x00000000f3580000, 0x0000000100000000)
  eden space 64000K, 100% used [0x00000000eaa80000,0x00000000ee900000,0x00000000ee900000)
  from space 6656K, 0% used [0x00000000ee900000,0x00000000ee900000,0x00000000eef80000)
  to   space 7168K, 0% used [0x00000000f2e80000,0x00000000f2e80000,0x00000000f3580000)
 ParOldGen       total 30720K, used 14517K [0x00000000c0000000, 0x00000000c1e00000, 0x00000000eaa80000)
  object space 30720K, 47% used [0x00000000c0000000,0x00000000c0e2d650,0x00000000c1e00000)
 PSPermGen       total 21504K, used 5478K [0x00000000b5a00000, 0x00000000b6f00000, 0x00000000c0000000)
  object space 21504K, 25% used [0x00000000b5a00000,0x00000000b5f59aa0,0x00000000b6f00000)
Event: 6.357 GC heap after
Heap after GC invocations=9 (full 1):
 PSYoungGen      total 121856K, used 4711K [0x00000000eaa80000, 0x00000000f3380000, 0x0000000100000000)
  eden space 116736K, 0% used [0x00000000eaa80000,0x00000000eaa80000,0x00000000f1c80000)
  from space 5120K, 92% used [0x00000000f2e80000,0x00000000f3319cc0,0x00000000f3380000)
  to   space 7168K, 0% used [0x00000000f2580000,0x00000000f2580000,0x00000000f2c80000)
 ParOldGen       total 30720K, used 14517K [0x00000000c0000000, 0x00000000c1e00000, 0x00000000eaa80000)
  object space 30720K, 47% used [0x00000000c0000000,0x00000000c0e2d650,0x00000000c1e00000)
 PSPermGen       total 21504K, used 5478K [0x00000000b5a00000, 0x00000000b6f00000, 0x00000000c0000000)
  object space 21504K, 25% used [0x00000000b5a00000,0x00000000b5f59aa0,0x00000000b6f00000)
}
Event: 7.338 GC heap before
{Heap before GC invocations=10 (full 1):
 PSYoungGen      total 121856K, used 121447K [0x00000000eaa80000, 0x00000000f3380000, 0x0000000100000000)
  eden space 116736K, 100% used [0x00000000eaa80000,0x00000000f1c80000,0x00000000f1c80000)
  from space 5120K, 92% used [0x00000000f2e80000,0x00000000f3319cc0,0x00000000f3380000)
  to   space 7168K, 0% used [0x00000000f2580000,0x00000000f2580000,0x00000000f2c80000)
 ParOldGen       total 30720K, used 14517K [0x00000000c0000000, 0x00000000c1e00000, 0x00000000eaa80000)
  object space 30720K, 47% used [0x00000000c0000000,0x00000000c0e2d650,0x00000000c1e00000)
 PSPermGen       total 21504K, used 5483K [0x00000000b5a00000, 0x00000000b6f00000, 0x00000000c0000000)
  object space 21504K, 25% used [0x00000000b5a00000,0x00000000b5f5aed0,0x00000000b6f00000)
Event: 7.392 GC heap after
Heap after GC invocations=10 (full 1):
 PSYoungGen      total 133120K, used 4848K [0x00000000eaa80000, 0x00000000f6180000, 0x0000000100000000)
  eden space 125952K, 0% used [0x00000000eaa80000,0x00000000eaa80000,0x00000000f2580000)
  from space 7168K, 67% used [0x00000000f2580000,0x00000000f2a3c040,0x00000000f2c80000)
  to   space 7168K, 0% used [0x00000000f5a80000,0x00000000f5a80000,0x00000000f6180000)
 ParOldGen       total 30720K, used 20473K [0x00000000c0000000, 0x00000000c1e00000, 0x00000000eaa80000)
  object space 30720K, 66% used [0x00000000c0000000,0x00000000c13fe4b0,0x00000000c1e00000)
 PSPermGen       total 21504K, used 5483K [0x00000000b5a00000, 0x00000000b6f00000, 0x00000000c0000000)
  object space 21504K, 25% used [0x00000000b5a00000,0x00000000b5f5aed0,0x00000000b6f00000)
}
Event: 8.139 GC heap before
{Heap before GC invocations=11 (full 1):
 PSYoungGen      total 133120K, used 130800K [0x00000000eaa80000, 0x00000000f6180000, 0x0000000100000000)
  eden space 125952K, 100% used [0x00000000eaa80000,0x00000000f2580000,0x00000000f2580000)
  from space 7168K, 67% used [0x00000000f2580000,0x00000000f2a3c040,0x00000000f2c80000)
  to   space 7168K, 0% used [0x00000000f5a80000,0x00000000f5a80000,0x00000000f6180000)
 ParOldGen       total 30720K, used 20473K [0x00000000c0000000, 0x00000000c1e00000, 0x00000000eaa80000)
  object space 30720K, 66% used [0x00000000c0000000,0x00000000c13fe4b0,0x00000000c1e00000)
 PSPermGen       total 21504K, used 5486K [0x00000000b5a00000, 0x00000000b6f00000, 0x00000000c0000000)
  object space 21504K, 25% used [0x00000000b5a00000,0x00000000b5f5b938,0x00000000b6f00000)
Event: 8.248 GC heap after
Heap after GC invocations=11 (full 1):
 PSYoungGen      total 177152K, used 7146K [0x00000000eaa80000, 0x00000000f7600000, 0x0000000100000000)
  eden space 169984K, 0% used [0x00000000eaa80000,0x00000000eaa80000,0x00000000f5080000)
  from space 7168K, 99% used [0x00000000f5a80000,0x00000000f617a8f0,0x00000000f6180000)
  to   space 10240K, 0% used [0x00000000f5080000,0x00000000f5080000,0x00000000f5a80000)
 ParOldGen       total 30720K, used 26791K [0x00000000c0000000, 0x00000000c1e00000, 0x00000000eaa80000)
  object space 30720K, 87% used [0x00000000c0000000,0x00000000c1a29fc8,0x00000000c1e00000)
 PSPermGen       total 21504K, used 5486K [0x00000000b5a00000, 0x00000000b6f00000, 0x00000000c0000000)
  object space 21504K, 25% used [0x00000000b5a00000,0x00000000b5f5b938,0x00000000b6f00000)
}
Event: 8.249 GC heap before
{Heap before GC invocations=12 (full 2):
 PSYoungGen      total 177152K, used 7146K [0x00000000eaa80000, 0x00000000f7600000, 0x0000000100000000)
  eden space 169984K, 0% used [0x00000000eaa80000,0x00000000eaa80000,0x00000000f5080000)
  from space 7168K, 99% used [0x00000000f5a80000,0x00000000f617a8f0,0x00000000f6180000)
  to   space 10240K, 0% used [0x00000000f5080000,0x00000000f5080000,0x00000000f5a80000)
 ParOldGen       total 30720K, used 26791K [0x00000000c0000000, 0x00000000c1e00000, 0x00000000eaa80000)
  object space 30720K, 87% used [0x00000000c0000000,0x00000000c1a29fc8,0x00000000c1e00000)
 PSPermGen       total 21504K, used 5486K [0x00000000b5a00000, 0x00000000b6f00000, 0x00000000c0000000)
  object space 21504K, 25% used [0x00000000b5a00000,0x00000000b5f5b938,0x00000000b6f00000)
Event: 8.330 GC heap after
Heap after GC invocations=12 (full 2):
 PSYoungGen      total 177152K, used 0K [0x00000000eaa80000, 0x00000000f7600000, 0x0000000100000000)
  eden space 169984K, 0% used [0x00000000eaa80000,0x00000000eaa80000,0x00000000f5080000)
  from space 7168K, 0% used [0x00000000f5a80000,0x00000000f5a80000,0x00000000f6180000)
  to   space 10240K, 0% used [0x00000000f5080000,0x00000000f5080000,0x00000000f5a80000)
 ParOldGen       total 42496K, used 22313K [0x00000000c0000000, 0x00000000c2980000, 0x00000000eaa80000)
  object space 42496K, 52% used [0x00000000c0000000,0x00000000c15ca628,0x00000000c2980000)
 PSPermGen       total 21504K, used 5486K [0x00000000b5a00000, 0x00000000b6f00000, 0x00000000c0000000)
  object space 21504K, 25% used [0x00000000b5a00000,0x00000000b5f5b938,0x00000000b6f00000)
}
Event: 9.426 GC heap before
{Heap before GC invocations=13 (full 2):
 PSYoungGen      total 177152K, used 169984K [0x00000000eaa80000, 0x00000000f7600000, 0x0000000100000000)
  eden space 169984K, 100% used [0x00000000eaa80000,0x00000000f5080000,0x00000000f5080000)
  from space 7168K, 0% used [0x00000000f5a80000,0x00000000f5a80000,0x00000000f6180000)
  to   space 10240K, 0% used [0x00000000f5080000,0x00000000f5080000,0x00000000f5a80000)
 ParOldGen       total 42496K, used 22313K [0x00000000c0000000, 0x00000000c2980000, 0x00000000eaa80000)
  object space 42496K, 52% used [0x00000000c0000000,0x00000000c15ca628,0x00000000c2980000)
 PSPermGen       total 21504K, used 5489K [0x00000000b5a00000, 0x00000000b6f00000, 0x00000000c0000000)
  object space 21504K, 25% used [0x00000000b5a00000,0x00000000b5f5c760,0x00000000b6f00000)

