# JRE version: OpenJDK Runtime Environment (7.0_91-b02) (build 1.7.0_91-b02)
# Java VM: OpenJDK 64-Bit Server VM (24.91-b01 mixed mode linux-amd64 compressed oops)
Heap
 PSYoungGen      total 219136K, used 28283K [0x00000000eaa80000, 0x0000000100000000, 0x0000000100000000)
  eden space 102912K, 0% used [0x00000000eaa80000,0x00000000eaa80000,0x00000000f0f00000)
  from space 116224K, 24% used [0x00000000f0f00000,0x00000000f2a9ec48,0x00000000f8080000)
  to   space 111104K, 0% used [0x00000000f9380000,0x00000000f9380000,0x0000000100000000)
 ParOldGen       total 159232K, used 158930K [0x00000000c0000000, 0x00000000c9b80000, 0x00000000eaa80000)
  object space 159232K, 99% used [0x00000000c0000000,0x00000000c9b34b60,0x00000000c9b80000)
 PSPermGen       total 21504K, used 6028K [0x00000000b5a00000, 0x00000000b6f00000, 0x00000000c0000000)
  object space 21504K, 28% used [0x00000000b5a00000,0x00000000b5fe32a0,0x00000000b6f00000)
GC Heap History (10 events):
Event: 57.151 GC heap after
Heap after GC invocations=17 (full 3):
 PSYoungGen      total 173568K, used 69684K [0x00000000eaa80000, 0x00000000fc480000, 0x0000000100000000)
  eden space 84992K, 0% used [0x00000000eaa80000,0x00000000eaa80000,0x00000000efd80000)
  from space 88576K, 78% used [0x00000000f5c00000,0x00000000fa00d0c0,0x00000000fb280000)
  to   space 96768K, 0% used [0x00000000efd80000,0x00000000efd80000,0x00000000f5c00000)
 ParOldGen       total 117760K, used 107311K [0x00000000c0000000, 0x00000000c7300000, 0x00000000eaa80000)
  object space 117760K, 91% used [0x00000000c0000000,0x00000000c68cbfb0,0x00000000c7300000)
 PSPermGen       total 21504K, used 6027K [0x00000000b5a00000, 0x00000000b6f00000, 0x00000000c0000000)
  object space 21504K, 28% used [0x00000000b5a00000,0x00000000b5fe2cb8,0x00000000b6f00000)
}
Event: 57.156 GC heap before
{Heap before GC invocations=18 (full 4):
 PSYoungGen      total 173568K, used 69684K [0x00000000eaa80000, 0x00000000fc480000, 0x0000000100000000)
  eden space 84992K, 0% used [0x00000000eaa80000,0x00000000eaa80000,0x00000000efd80000)
  from space 88576K, 78% used [0x00000000f5c00000,0x00000000fa00d0c0,0x00000000fb280000)
  to   space 96768K, 0% used [0x00000000efd80000,0x00000000efd80000,0x00000000f5c00000)
 ParOldGen       total 117760K, used 107311K [0x00000000c0000000, 0x00000000c7300000, 0x00000000eaa80000)
  object space 117760K, 91% used [0x00000000c0000000,0x00000000c68cbfb0,0x00000000c7300000)
 PSPermGen       total 21504K, used 6027K [0x00000000b5a00000, 0x00000000b6f00000, 0x00000000c0000000)
  object space 21504K, 28% used [0x00000000b5a00000,0x00000000b5fe2cb8,0x00000000b6f00000)
Event: 58.506 GC heap after
Heap after GC invocations=18 (full 4):
 PSYoungGen      total 173568K, used 0K [0x00000000eaa80000, 0x00000000fc480000, 0x0000000100000000)
  eden space 84992K, 0% used [0x00000000eaa80000,0x00000000eaa80000,0x00000000efd80000)
  from space 88576K, 0% used [0x00000000f5c00000,0x00000000f5c00000,0x00000000fb280000)
  to   space 96768K, 0% used [0x00000000efd80000,0x00000000efd80000,0x00000000f5c00000)
 ParOldGen       total 117760K, used 51212K [0x00000000c0000000, 0x00000000c7300000, 0x00000000eaa80000)
  object space 117760K, 43% used [0x00000000c0000000,0x00000000c32030c0,0x00000000c7300000)
 PSPermGen       total 21504K, used 6026K [0x00000000b5a00000, 0x00000000b6f00000, 0x00000000c0000000)
  object space 21504K, 28% used [0x00000000b5a00000,0x00000000b5fe2a98,0x00000000b6f00000)
}
Event: 73.341 GC heap before
{Heap before GC invocations=19 (full 4):
 PSYoungGen      total 173568K, used 84992K [0x00000000eaa80000, 0x00000000fc480000, 0x0000000100000000)
  eden space 84992K, 100% used [0x00000000eaa80000,0x00000000efd80000,0x00000000efd80000)
  from space 88576K, 0% used [0x00000000f5c00000,0x00000000f5c00000,0x00000000fb280000)
  to   space 96768K, 0% used [0x00000000efd80000,0x00000000efd80000,0x00000000f5c00000)
 ParOldGen       total 117760K, used 51212K [0x00000000c0000000, 0x00000000c7300000, 0x00000000eaa80000)
  object space 117760K, 43% used [0x00000000c0000000,0x00000000c32030c0,0x00000000c7300000)
 PSPermGen       total 21504K, used 6028K [0x00000000b5a00000, 0x00000000b6f00000, 0x00000000c0000000)
  object space 21504K, 28% used [0x00000000b5a00000,0x00000000b5fe3068,0x00000000b6f00000)
Event: 73.574 GC heap after
Heap after GC invocations=19 (full 4):
 PSYoungGen      total 181760K, used 53798K [0x00000000eaa80000, 0x00000000fdf00000, 0x0000000100000000)
  eden space 84992K, 0% used [0x00000000eaa80000,0x00000000eaa80000,0x00000000efd80000)
  from space 96768K, 55% used [0x00000000efd80000,0x00000000f3209af8,0x00000000f5c00000)
  to   space 96768K, 0% used [0x00000000f8080000,0x00000000f8080000,0x00000000fdf00000)
 ParOldGen       total 117760K, used 51212K [0x00000000c0000000, 0x00000000c7300000, 0x00000000eaa80000)
  object space 117760K, 43% used [0x00000000c0000000,0x00000000c32030c0,0x00000000c7300000)
 PSPermGen       total 21504K, used 6028K [0x00000000b5a00000, 0x00000000b6f00000, 0x00000000c0000000)
  object space 21504K, 28% used [0x00000000b5a00000,0x00000000b5fe3068,0x00000000b6f00000)
}
Event: 74.062 GC heap before
{Heap before GC invocations=20 (full 4):
 PSYoungGen      total 181760K, used 138790K [0x00000000eaa80000, 0x00000000fdf00000, 0x0000000100000000)
  eden space 84992K, 100% used [0x00000000eaa80000,0x00000000efd80000,0x00000000efd80000)
  from space 96768K, 55% used [0x00000000efd80000,0x00000000f3209af8,0x00000000f5c00000)
  to   space 96768K, 0% used [0x00000000f8080000,0x00000000f8080000,0x00000000fdf00000)
 ParOldGen       total 117760K, used 51212K [0x00000000c0000000, 0x00000000c7300000, 0x00000000eaa80000)
  object space 117760K, 43% used [0x00000000c0000000,0x00000000c32030c0,0x00000000c7300000)
 PSPermGen       total 21504K, used 6028K [0x00000000b5a00000, 0x00000000b6f00000, 0x00000000c0000000)
  object space 21504K, 28% used [0x00000000b5a00000,0x00000000b5fe3088,0x00000000b6f00000)
Event: 74.877 GC heap after
Heap after GC invocations=20 (full 4):
 PSYoungGen      total 199680K, used 96738K [0x00000000eaa80000, 0x0000000100000000, 0x0000000100000000)
  eden space 102912K, 0% used [0x00000000eaa80000,0x00000000eaa80000,0x00000000f0f00000)
  from space 96768K, 99% used [0x00000000f8080000,0x00000000fdef89e8,0x00000000fdf00000)
  to   space 116224K, 0% used [0x00000000f0f00000,0x00000000f0f00000,0x00000000f8080000)
 ParOldGen       total 117760K, used 63540K [0x00000000c0000000, 0x00000000c7300000, 0x00000000eaa80000)
  object space 117760K, 53% used [0x00000000c0000000,0x00000000c3e0d0c0,0x00000000c7300000)
 PSPermGen       total 21504K, used 6028K [0x00000000b5a00000, 0x00000000b6f00000, 0x00000000c0000000)
  object space 21504K, 28% used [0x00000000b5a00000,0x00000000b5fe3088,0x00000000b6f00000)
}
Event: 75.882 GC heap before
{Heap before GC invocations=21 (full 4):
 PSYoungGen      total 199680K, used 199650K [0x00000000eaa80000, 0x0000000100000000, 0x0000000100000000)
  eden space 102912K, 100% used [0x00000000eaa80000,0x00000000f0f00000,0x00000000f0f00000)
  from space 96768K, 99% used [0x00000000f8080000,0x00000000fdef89e8,0x00000000fdf00000)
  to   space 116224K, 0% used [0x00000000f0f00000,0x00000000f0f00000,0x00000000f8080000)
 ParOldGen       total 117760K, used 63540K [0x00000000c0000000, 0x00000000c7300000, 0x00000000eaa80000)
  object space 117760K, 53% used [0x00000000c0000000,0x00000000c3e0d0c0,0x00000000c7300000)
 PSPermGen       total 21504K, used 6028K [0x00000000b5a00000, 0x00000000b6f00000, 0x00000000c0000000)
  object space 21504K, 28% used [0x00000000b5a00000,0x00000000b5fe32c0,0x00000000b6f00000)
Event: 77.294 GC heap after
Heap after GC invocations=21 (full 4):
 PSYoungGen      total 219136K, used 40526K [0x00000000eaa80000, 0x0000000100000000, 0x0000000100000000)
  eden space 102912K, 0% used [0x00000000eaa80000,0x00000000eaa80000,0x00000000f0f00000)
  from space 116224K, 34% used [0x00000000f0f00000,0x00000000f3693b58,0x00000000f8080000)
  to   space 111104K, 0% used [0x00000000f9380000,0x00000000f9380000,0x0000000100000000)
 ParOldGen       total 159232K, used 158852K [0x00000000c0000000, 0x00000000c9b80000, 0x00000000eaa80000)
  object space 159232K, 99% used [0x00000000c0000000,0x00000000c9b21388,0x00000000c9b80000)
 PSPermGen       total 21504K, used 6028K [0x00000000b5a00000, 0x00000000b6f00000, 0x00000000c0000000)
  object space 21504K, 28% used [0x00000000b5a00000,0x00000000b5fe32c0,0x00000000b6f00000)
}
Event: 77.294 GC heap before
{Heap before GC invocations=22 (full 5):
 PSYoungGen      total 219136K, used 40526K [0x00000000eaa80000, 0x0000000100000000, 0x0000000100000000)
  eden space 102912K, 0% used [0x00000000eaa80000,0x00000000eaa80000,0x00000000f0f00000)
  from space 116224K, 34% used [0x00000000f0f00000,0x00000000f3693b58,0x00000000f8080000)
  to   space 111104K, 0% used [0x00000000f9380000,0x00000000f9380000,0x0000000100000000)
 ParOldGen       total 159232K, used 158852K [0x00000000c0000000, 0x00000000c9b80000, 0x00000000eaa80000)
  object space 159232K, 99% used [0x00000000c0000000,0x00000000c9b21388,0x00000000c9b80000)
 PSPermGen       total 21504K, used 6028K [0x00000000b5a00000, 0x00000000b6f00000, 0x00000000c0000000)
  object space 21504K, 28% used [0x00000000b5a00000,0x00000000b5fe32c0,0x00000000b6f00000)

