# JRE version: OpenJDK Runtime Environment (7.0_91-b02) (build 1.7.0_91-b02)
# Java VM: OpenJDK 64-Bit Server VM (24.91-b01 mixed mode linux-amd64 compressed oops)
Heap
 PSYoungGen      total 186880K, used 0K [0x00000000eaa80000, 0x00000000f9f80000, 0x0000000100000000)
  eden space 130048K, 0% used [0x00000000eaa80000,0x00000000eaa80000,0x00000000f2980000)
  from space 56832K, 0% used [0x00000000f6480000,0x00000000f6480000,0x00000000f9c00000)
  to   space 60416K, 0% used [0x00000000f2980000,0x00000000f2980000,0x00000000f6480000)
 ParOldGen       total 185344K, used 184675K [0x00000000c0000000, 0x00000000cb500000, 0x00000000eaa80000)
  object space 185344K, 99% used [0x00000000c0000000,0x00000000cb458c00,0x00000000cb500000)
 PSPermGen       total 21504K, used 6313K [0x00000000b5a00000, 0x00000000b6f00000, 0x00000000c0000000)
  object space 21504K, 29% used [0x00000000b5a00000,0x00000000b602a680,0x00000000b6f00000)
GC Heap History (10 events):
Event: 65.673 GC heap after
Heap after GC invocations=16 (full 3):
 PSYoungGen      total 125440K, used 17280K [0x00000000eaa80000, 0x00000000f5e00000, 0x0000000100000000)
  eden space 85504K, 0% used [0x00000000eaa80000,0x00000000eaa80000,0x00000000efe00000)
  from space 39936K, 43% used [0x00000000efe00000,0x00000000f0ee0000,0x00000000f2500000)
  to   space 38912K, 0% used [0x00000000f3800000,0x00000000f3800000,0x00000000f5e00000)
 ParOldGen       total 106496K, used 57911K [0x00000000c0000000, 0x00000000c6800000, 0x00000000eaa80000)
  object space 106496K, 54% used [0x00000000c0000000,0x00000000c388dca8,0x00000000c6800000)
 PSPermGen       total 21504K, used 6294K [0x00000000b5a00000, 0x00000000b6f00000, 0x00000000c0000000)
  object space 21504K, 29% used [0x00000000b5a00000,0x00000000b6025818,0x00000000b6f00000)
}
Event: 68.620 GC heap before
{Heap before GC invocations=17 (full 3):
 PSYoungGen      total 125440K, used 102784K [0x00000000eaa80000, 0x00000000f5e00000, 0x0000000100000000)
  eden space 85504K, 100% used [0x00000000eaa80000,0x00000000efe00000,0x00000000efe00000)
  from space 39936K, 43% used [0x00000000efe00000,0x00000000f0ee0000,0x00000000f2500000)
  to   space 38912K, 0% used [0x00000000f3800000,0x00000000f3800000,0x00000000f5e00000)
 ParOldGen       total 106496K, used 57911K [0x00000000c0000000, 0x00000000c6800000, 0x00000000eaa80000)
  object space 106496K, 54% used [0x00000000c0000000,0x00000000c388dca8,0x00000000c6800000)
 PSPermGen       total 21504K, used 6298K [0x00000000b5a00000, 0x00000000b6f00000, 0x00000000c0000000)
  object space 21504K, 29% used [0x00000000b5a00000,0x00000000b6026910,0x00000000b6f00000)
Event: 69.171 GC heap after
Heap after GC invocations=17 (full 3):
 PSYoungGen      total 131072K, used 38895K [0x00000000eaa80000, 0x00000000f7f80000, 0x0000000100000000)
  eden space 92160K, 0% used [0x00000000eaa80000,0x00000000eaa80000,0x00000000f0480000)
  from space 38912K, 99% used [0x00000000f3800000,0x00000000f5dfbfb8,0x00000000f5e00000)
  to   space 52736K, 0% used [0x00000000f0480000,0x00000000f0480000,0x00000000f3800000)
 ParOldGen       total 106496K, used 77050K [0x00000000c0000000, 0x00000000c6800000, 0x00000000eaa80000)
  object space 106496K, 72% used [0x00000000c0000000,0x00000000c4b3eb70,0x00000000c6800000)
 PSPermGen       total 21504K, used 6298K [0x00000000b5a00000, 0x00000000b6f00000, 0x00000000c0000000)
  object space 21504K, 29% used [0x00000000b5a00000,0x00000000b6026910,0x00000000b6f00000)
}
Event: 69.913 GC heap before
{Heap before GC invocations=18 (full 3):
 PSYoungGen      total 131072K, used 131055K [0x00000000eaa80000, 0x00000000f7f80000, 0x0000000100000000)
  eden space 92160K, 100% used [0x00000000eaa80000,0x00000000f0480000,0x00000000f0480000)
  from space 38912K, 99% used [0x00000000f3800000,0x00000000f5dfbfb8,0x00000000f5e00000)
  to   space 52736K, 0% used [0x00000000f0480000,0x00000000f0480000,0x00000000f3800000)
 ParOldGen       total 106496K, used 77050K [0x00000000c0000000, 0x00000000c6800000, 0x00000000eaa80000)
  object space 106496K, 72% used [0x00000000c0000000,0x00000000c4b3eb70,0x00000000c6800000)
 PSPermGen       total 21504K, used 6299K [0x00000000b5a00000, 0x00000000b6f00000, 0x00000000c0000000)
  object space 21504K, 29% used [0x00000000b5a00000,0x00000000b6026e50,0x00000000b6f00000)
Event: 70.843 GC heap after
Heap after GC invocations=18 (full 3):
 PSYoungGen      total 144896K, used 38312K [0x00000000eaa80000, 0x00000000f9c00000, 0x0000000100000000)
  eden space 92160K, 0% used [0x00000000eaa80000,0x00000000eaa80000,0x00000000f0480000)
  from space 52736K, 72% used [0x00000000f0480000,0x00000000f29ea0e8,0x00000000f3800000)
  to   space 56832K, 0% used [0x00000000f6480000,0x00000000f6480000,0x00000000f9c00000)
 ParOldGen       total 117248K, used 116798K [0x00000000c0000000, 0x00000000c7280000, 0x00000000eaa80000)
  object space 117248K, 99% used [0x00000000c0000000,0x00000000c720fbb0,0x00000000c7280000)
 PSPermGen       total 21504K, used 6299K [0x00000000b5a00000, 0x00000000b6f00000, 0x00000000c0000000)
  object space 21504K, 29% used [0x00000000b5a00000,0x00000000b6026e50,0x00000000b6f00000)
}
Event: 70.843 GC heap before
{Heap before GC invocations=19 (full 4):
 PSYoungGen      total 144896K, used 38312K [0x00000000eaa80000, 0x00000000f9c00000, 0x0000000100000000)
  eden space 92160K, 0% used [0x00000000eaa80000,0x00000000eaa80000,0x00000000f0480000)
  from space 52736K, 72% used [0x00000000f0480000,0x00000000f29ea0e8,0x00000000f3800000)
  to   space 56832K, 0% used [0x00000000f6480000,0x00000000f6480000,0x00000000f9c00000)
 ParOldGen       total 117248K, used 116798K [0x00000000c0000000, 0x00000000c7280000, 0x00000000eaa80000)
  object space 117248K, 99% used [0x00000000c0000000,0x00000000c720fbb0,0x00000000c7280000)
 PSPermGen       total 21504K, used 6299K [0x00000000b5a00000, 0x00000000b6f00000, 0x00000000c0000000)
  object space 21504K, 29% used [0x00000000b5a00000,0x00000000b6026e50,0x00000000b6f00000)
Event: 74.268 GC heap after
Heap after GC invocations=19 (full 4):
 PSYoungGen      total 144896K, used 30948K [0x00000000eaa80000, 0x00000000f9c00000, 0x0000000100000000)
  eden space 92160K, 0% used [0x00000000eaa80000,0x00000000eaa80000,0x00000000f0480000)
  from space 52736K, 58% used [0x00000000f0480000,0x00000000f22b92d0,0x00000000f3800000)
  to   space 56832K, 0% used [0x00000000f6480000,0x00000000f6480000,0x00000000f9c00000)
 ParOldGen       total 185344K, used 117017K [0x00000000c0000000, 0x00000000cb500000, 0x00000000eaa80000)
  object space 185344K, 63% used [0x00000000c0000000,0x00000000c72466a0,0x00000000cb500000)
 PSPermGen       total 21504K, used 6299K [0x00000000b5a00000, 0x00000000b6f00000, 0x00000000c0000000)
  object space 21504K, 29% used [0x00000000b5a00000,0x00000000b6026d50,0x00000000b6f00000)
}
Event: 74.965 GC heap before
{Heap before GC invocations=20 (full 4):
 PSYoungGen      total 144896K, used 123108K [0x00000000eaa80000, 0x00000000f9c00000, 0x0000000100000000)
  eden space 92160K, 100% used [0x00000000eaa80000,0x00000000f0480000,0x00000000f0480000)
  from space 52736K, 58% used [0x00000000f0480000,0x00000000f22b92d0,0x00000000f3800000)
  to   space 56832K, 0% used [0x00000000f6480000,0x00000000f6480000,0x00000000f9c00000)
 ParOldGen       total 185344K, used 117017K [0x00000000c0000000, 0x00000000cb500000, 0x00000000eaa80000)
  object space 185344K, 63% used [0x00000000c0000000,0x00000000c72466a0,0x00000000cb500000)
 PSPermGen       total 21504K, used 6313K [0x00000000b5a00000, 0x00000000b6f00000, 0x00000000c0000000)
  object space 21504K, 29% used [0x00000000b5a00000,0x00000000b602a680,0x00000000b6f00000)
Event: 76.033 GC heap after
Heap after GC invocations=20 (full 4):
 PSYoungGen      total 186880K, used 40250K [0x00000000eaa80000, 0x00000000f9f80000, 0x0000000100000000)
  eden space 130048K, 0% used [0x00000000eaa80000,0x00000000eaa80000,0x00000000f2980000)
  from space 56832K, 70% used [0x00000000f6480000,0x00000000f8bce948,0x00000000f9c00000)
  to   space 60416K, 0% used [0x00000000f2980000,0x00000000f2980000,0x00000000f6480000)
 ParOldGen       total 185344K, used 149401K [0x00000000c0000000, 0x00000000cb500000, 0x00000000eaa80000)
  object space 185344K, 80% used [0x00000000c0000000,0x00000000c91e66a0,0x00000000cb500000)
 PSPermGen       total 21504K, used 6313K [0x00000000b5a00000, 0x00000000b6f00000, 0x00000000c0000000)
  object space 21504K, 29% used [0x00000000b5a00000,0x00000000b602a680,0x00000000b6f00000)
}
Event: 76.033 GC heap before
{Heap before GC invocations=21 (full 5):
 PSYoungGen      total 186880K, used 40250K [0x00000000eaa80000, 0x00000000f9f80000, 0x0000000100000000)
  eden space 130048K, 0% used [0x00000000eaa80000,0x00000000eaa80000,0x00000000f2980000)
  from space 56832K, 70% used [0x00000000f6480000,0x00000000f8bce948,0x00000000f9c00000)
  to   space 60416K, 0% used [0x00000000f2980000,0x00000000f2980000,0x00000000f6480000)
 ParOldGen       total 185344K, used 149401K [0x00000000c0000000, 0x00000000cb500000, 0x00000000eaa80000)
  object space 185344K, 80% used [0x00000000c0000000,0x00000000c91e66a0,0x00000000cb500000)
 PSPermGen       total 21504K, used 6313K [0x00000000b5a00000, 0x00000000b6f00000, 0x00000000c0000000)
  object space 21504K, 29% used [0x00000000b5a00000,0x00000000b602a680,0x00000000b6f00000)

